Log file open, 10/08/18 17:47:48
LogWindows: Failed to load 'aqProf.dll' (GetLastError=126)
LogWindows: File 'aqProf.dll' does not exist
LogWindows: Failed to load 'VSPerf140.dll' (GetLastError=126)
LogWindows: File 'VSPerf140.dll' does not exist
LogWindows: Failed to load 'VtuneApi.dll' (GetLastError=126)
LogWindows: File 'VtuneApi.dll' does not exist
LogWindows: Failed to load 'VtuneApi32e.dll' (GetLastError=126)
LogWindows: File 'VtuneApi32e.dll' does not exist
LogInit: Display: Running engine for game: GUKKI
LogPlatformFile: Not using cached read wrapper
LogTaskGraph: Started task graph with 5 named threads and 8 total threads with 3 sets of task threads.
LogStats: Stats thread started at 0.145136
LogD3D11RHI: Loaded GFSDK_Aftermath_Lib.x64.dll
LogICUInternationalization: Display: ICU TimeZone Detection - Raw Offset: +3:00, Platform Override: ''
LogPluginManager: Mounting plugin Paper2D
LogPluginManager: Mounting plugin AISupport
LogPluginManager: Mounting plugin LightPropagationVolume
LogPluginManager: Mounting plugin CLionSourceCodeAccess
LogPluginManager: Mounting plugin CodeLiteSourceCodeAccess
LogPluginManager: Mounting plugin GitSourceControl
LogPluginManager: Mounting plugin KDevelopSourceCodeAccess
LogPluginManager: Mounting plugin NullSourceCodeAccess
LogPluginManager: Mounting plugin PerforceSourceControl
LogPluginManager: Mounting plugin SubversionSourceControl
LogPluginManager: Mounting plugin UObjectPlugin
LogPluginManager: Mounting plugin VisualStudioCodeSourceCodeAccess
LogPluginManager: Mounting plugin VisualStudioSourceCodeAccess
LogPluginManager: Mounting plugin XCodeSourceCodeAccess
LogPluginManager: Mounting plugin AssetManagerEditor
LogPluginManager: Mounting plugin CryptoKeys
LogPluginManager: Mounting plugin DataValidation
LogPluginManager: Mounting plugin FacialAnimation
LogPluginManager: Mounting plugin GameplayTagsEditor
LogPluginManager: Mounting plugin MacGraphicsSwitching
LogPluginManager: Mounting plugin MeshEditor
LogPluginManager: Mounting plugin MobileLauncherProfileWizard
LogPluginManager: Mounting plugin PluginBrowser
LogPluginManager: Mounting plugin SpeedTreeImporter
LogPluginManager: Mounting plugin DatasmithContent
LogPluginManager: Mounting plugin AlembicImporter
LogPluginManager: Mounting plugin AppleImageUtils
LogPluginManager: Mounting plugin AppleVision
LogPluginManager: Mounting plugin BackChannel
LogPluginManager: Mounting plugin CharacterAI
LogPluginManager: Mounting plugin GeometryCache
LogPluginManager: Mounting plugin HTML5Networking
LogPluginManager: Mounting plugin ProxyLODPlugin
LogPluginManager: Mounting plugin MagicLeap
LogPluginManager: Mounting plugin MagicLeapEmulator
LogPluginManager: Mounting plugin MagicLeapMedia
LogPluginManager: Mounting plugin AndroidMedia
LogPluginManager: Mounting plugin AvfMedia
LogPluginManager: Mounting plugin ImgMedia
LogPluginManager: Mounting plugin LinearTimecode
LogPluginManager: Mounting plugin MediaCompositing
LogPluginManager: Mounting plugin MediaPlayerEditor
LogPluginManager: Mounting plugin WmfMedia
LogPluginManager: Mounting plugin TcpMessaging
LogPluginManager: Mounting plugin UdpMessaging
LogPluginManager: Mounting plugin ActorSequence
LogPluginManager: Mounting plugin LevelSequenceEditor
LogPluginManager: Mounting plugin MatineeToLevelSequence
LogPluginManager: Mounting plugin NetcodeUnitTest
LogPluginManager: Mounting plugin NUTUnrealEngine4
LogPluginManager: Mounting plugin OnlineSubsystemGooglePlay
LogPluginManager: Mounting plugin OnlineSubsystemIOS
LogPluginManager: Mounting plugin OnlineSubsystem
LogPluginManager: Mounting plugin OnlineSubsystemNull
LogPluginManager: Mounting plugin OnlineSubsystemUtils
LogPluginManager: Mounting plugin LauncherChunkInstaller
LogPluginManager: Mounting plugin AndroidDeviceProfileSelector
LogPluginManager: Mounting plugin AndroidMoviePlayer
LogPluginManager: Mounting plugin AndroidPermission
LogPluginManager: Mounting plugin AppleMoviePlayer
LogPluginManager: Mounting plugin ArchVisCharacter
LogPluginManager: Mounting plugin AudioCapture
LogPluginManager: Mounting plugin CableComponent
LogPluginManager: Mounting plugin CustomMeshComponent
LogPluginManager: Mounting plugin EditableMesh
LogPluginManager: Mounting plugin ExampleDeviceProfileSelector
LogPluginManager: Mounting plugin GoogleCloudMessaging
LogPluginManager: Mounting plugin ImmediatePhysics
LogPluginManager: Mounting plugin IOSDeviceProfileSelector
LogPluginManager: Mounting plugin LinuxDeviceProfileSelector
LogPluginManager: Mounting plugin LocationServicesBPLibrary
LogPluginManager: Mounting plugin MobilePatchingUtils
LogPluginManager: Mounting plugin OculusVR
LogPluginManager: Plugin shader directory ../../../Engine/Plugins/Runtime/Oculus/OculusVR/Shaders found
LogPluginManager: Mapping shader source directory ../../../Engine/Plugins/Runtime/Oculus/OculusVR/Shaders to virtual directory /Plugin/OculusVR
LogPluginManager: Mounting plugin PhysXVehicles
LogPluginManager: Mounting plugin ProceduralMeshComponent
LogPluginManager: Mounting plugin RuntimePhysXCooking
LogPluginManager: Mounting plugin SteamVR
LogPluginManager: Mounting plugin WindowsMoviePlayer
LogStreaming: Display: Took  0.074s to configure plugins.
LogInit: Using libcurl 7.55.1-DEV
LogInit:  - built for x86_64-pc-win32
LogInit:  - supports SSL with OpenSSL/1.0.2h
LogInit:  - supports HTTP deflate (compression) using libz 1.2.8
LogInit:  - other features:
LogInit:      CURL_VERSION_SSL
LogInit:      CURL_VERSION_LIBZ
LogInit:      CURL_VERSION_IPV6
LogInit:      CURL_VERSION_ASYNCHDNS
LogInit:      CURL_VERSION_LARGEFILE
LogInit:      CURL_VERSION_IDN
LogInit:  CurlRequestOptions (configurable via config and command line):
LogInit:  - bVerifyPeer = false  - Libcurl will NOT verify peer certificate
LogInit:  - bUseHttpProxy = false  - Libcurl will NOT use HTTP proxy
LogInit:  - bDontReuseConnections = false  - Libcurl will reuse connections
LogInit:  - CertBundlePath = nullptr  - Libcurl will use whatever was configured at build time.
LogInit:  - MaxHostConnections = 16  - Libcurl will limit the number of connections to a host
LogInit:  - LocalHostAddr = Default
LogInit:  - BufferSize = 65536
LogInit: WinSock: version 1.1 (2.2), MaxSocks=32767, MaxUdp=65467
LogInit: Build: ++UE4+Release-4.20-CL-4369336
LogInit: Engine Version: 4.20.3-4369336+++UE4+Release-4.20
LogInit: Compatible Engine Version: 4.20.0-4212847+++UE4+Release-4.20
LogInit: Net CL: 4212847
LogInit: OS: Windows 7 (Service Pack 1), CPU: Intel(R) Pentium(R) 3805U @ 1.90GHz, GPU: Intel(R) HD Graphics
LogInit: Compiled (64-bit): Sep 17 2018 12:26:19
LogInit: Compiled with Visual C++: 19.13.26129.00
LogInit: Build Configuration: Development
LogInit: Branch Name: ++UE4+Release-4.20
LogInit: Command Line:  
LogInit: Base Directory: C:/UE_4.20/Engine/Binaries/Win64/
LogInit: Installed Engine Build: 1
LogDevObjectVersion: Number of dev versions registered: 20
LogDevObjectVersion:   Dev-Blueprints (B0D832E4-1F89-4F0D-ACCF-7EB736FD4AA2): 10
LogDevObjectVersion:   Dev-Build (E1C64328-A22C-4D53-A36C-8E866417BD8C): 0
LogDevObjectVersion:   Dev-Core (375EC13C-06E4-48FB-B500-84F0262A717E): 2
LogDevObjectVersion:   Dev-Editor (E4B068ED-F494-42E9-A231-DA0B2E46BB41): 24
LogDevObjectVersion:   Dev-Framework (CFFC743F-43B0-4480-9391-14DF171D2073): 34
LogDevObjectVersion:   Dev-Mobile (B02B49B5-BB20-44E9-A304-32B752E40360): 2
LogDevObjectVersion:   Dev-Networking (A4E4105C-59A1-49B5-A7C5-40C4547EDFEE): 0
LogDevObjectVersion:   Dev-Online (39C831C9-5AE6-47DC-9A44-9C173E1C8E7C): 0
LogDevObjectVersion:   Dev-Physics (78F01B33-EBEA-4F98-B9B4-84EACCB95AA2): 0
LogDevObjectVersion:   Dev-Platform (6631380F-2D4D-43E0-8009-CF276956A95A): 0
LogDevObjectVersion:   Dev-Rendering (12F88B9F-8875-4AFC-A67C-D90C383ABD29): 26
LogDevObjectVersion:   Dev-Sequencer (7B5AE74C-D270-4C10-A958-57980B212A5A): 9
LogDevObjectVersion:   Dev-VR (D7296918-1DD6-4BDD-9DE2-64A83CC13884): 2
LogDevObjectVersion:   Dev-LoadTimes (C2A15278-BFE7-4AFE-6C17-90FF531DF755): 1
LogDevObjectVersion:   Private-Geometry (6EACA3D4-40EC-4CC1-B786-8BED09428FC5): 3
LogDevObjectVersion:   Dev-AnimPhys (29E575DD-E0A3-4627-9D10-D276232CDCEA): 17
LogDevObjectVersion:   Dev-ReflectionCapture (6B266CEC-1EC7-4B8F-A30B-E4D90942FC07): 1
LogDevObjectVersion:   Dev-Automation (0DF73D61-A23F-47EA-B727-89E90C41499A): 1
LogDevObjectVersion:   FortniteMain (601D1886-AC64-4F84-AA16-D3DE0DEAC7D6): 12
LogDevObjectVersion:   Dev-Enterprise (9DFFBCD6-494F-0158-E221-12823C92A888): 1
LogStreaming: Display: Took  0.000s to delete old logs.
LogInit: Presizing for max 8388607 objects, including 0 objects not considered by GC, pre-allocating 0 bytes for permanent pool.
LogInit: Object subsystem initialized
[2018.10.08-14.47.49:137][  0]LogInit: Selected Device Profile: [Windows]
[2018.10.08-14.47.49:137][  0]LogInit: Applying CVar settings loaded from the selected device profile: [Windows]
[2018.10.08-14.47.49:148][  0]LogHAL: Display: Platform has ~ 12 GB [12800536576 / 17179869184 / 12], which maps to Larger [LargestMinGB=32, LargerMinGB=12, DefaultMinGB=8, SmallerMinGB=6, SmallestMinGB=0)
[2018.10.08-14.47.49:148][  0]LogInit: Setting Device Profile CVar: [[r.Vulkan.UseRealUBs:1]]
[2018.10.08-14.47.49:148][  0]LogInit: Going up to parent DeviceProfile []
[2018.10.08-14.47.49:149][  0]LogInit: Computer: DNOPC
[2018.10.08-14.47.49:149][  0]LogInit: User: Cosmossian
[2018.10.08-14.47.49:149][  0]LogInit: CPU Page size=4096, Cores=2
[2018.10.08-14.47.49:149][  0]LogInit: High frequency timer resolution =1.851210 MHz
[2018.10.08-14.47.49:149][  0]LogMemory: Memory total: Physical=11.9GB (12GB approx)
[2018.10.08-14.47.49:149][  0]LogMemory: Platform Memory Stats for Windows
[2018.10.08-14.47.49:149][  0]LogMemory: Process Physical Memory: 103.31 MB used, 103.31 MB peak
[2018.10.08-14.47.49:149][  0]LogMemory: Process Virtual Memory: 100.65 MB used, 100.65 MB peak
[2018.10.08-14.47.49:149][  0]LogMemory: Physical Memory: 2648.36 MB used,  9559.19 MB free, 12207.54 MB total
[2018.10.08-14.47.49:149][  0]LogMemory: Virtual Memory: 483.56 MB used,  9559.19 MB free, 8388608.00 MB total
[2018.10.08-14.47.49:188][  0]LogInit: Using OS detected language (ru-RU).
[2018.10.08-14.47.49:188][  0]LogInit: Using OS detected locale (ru-RU).
[2018.10.08-14.47.49:189][  0]LogTextLocalizationManager: No specific localization for 'ru-RU' exists, so the 'ru' localization will be used.
[2018.10.08-14.47.49:190][  0]LogStreaming: Display: Took  0.002s to InitEngineTextLocalization.
[2018.10.08-14.47.49:191][  0]LogWindows: Failed to load 'shcore.dll' (GetLastError=126)
[2018.10.08-14.47.49:191][  0]LogWindows: File 'shcore.dll' does not exist
[2018.10.08-14.47.49:191][  0]LogInit: Setting process to DPI aware
[2018.10.08-14.47.49:231][  0]LogSlate: New Slate User Created.  User Index 0, Is Virtual User: 0
[2018.10.08-14.47.49:231][  0]LogSlate: Slate User Registered.  User Index 0, Is Virtual User: 0
[2018.10.08-14.47.49:490][  0]LogHMD: Failed to initialize OpenVR with code 110
[2018.10.08-14.47.49:490][  0]LogD3D11RHI: D3D11 adapters:
[2018.10.08-14.47.49:716][  0]LogD3D11RHI:    0. 'NVIDIA GeForce 920M' (Feature Level 11_0)
[2018.10.08-14.47.49:716][  0]LogD3D11RHI:       1986/0/5847 MB DedicatedVideo/DedicatedSystem/SharedSystem, Outputs:1, VendorId:0x10de
[2018.10.08-14.47.49:743][  0]LogD3D11RHI:    1. 'NVIDIA GeForce 920M' (Feature Level 11_0)
[2018.10.08-14.47.49:743][  0]LogD3D11RHI:       1986/0/5847 MB DedicatedVideo/DedicatedSystem/SharedSystem, Outputs:0, VendorId:0x10de
[2018.10.08-14.47.49:743][  0]LogD3D11RHI: Chosen D3D11 Adapter: 0
[2018.10.08-14.47.49:752][  0]LogD3D11RHI: Creating new Direct3DDevice
[2018.10.08-14.47.49:752][  0]LogD3D11RHI:     GPU DeviceId: 0x1299 (for the marketing name, search the web for "GPU Device Id")
[2018.10.08-14.47.49:752][  0]LogWindows: EnumDisplayDevices:
[2018.10.08-14.47.49:752][  0]LogWindows:    0. 'Intel(R) HD Graphics' (P:1 D:1)
[2018.10.08-14.47.49:753][  0]LogWindows:    1. 'Intel(R) HD Graphics' (P:0 D:0)
[2018.10.08-14.47.49:753][  0]LogWindows:    2. 'Intel(R) HD Graphics' (P:0 D:0)
[2018.10.08-14.47.49:753][  0]LogWindows:    3. 'NVIDIA GeForce 920M' (P:0 D:0)
[2018.10.08-14.47.49:753][  0]LogWindows:    4. 'RDPDD Chained DD' (P:0 D:0)
[2018.10.08-14.47.49:753][  0]LogWindows:    5. 'RDP Encoder Mirror Driver' (P:0 D:0)
[2018.10.08-14.47.49:754][  0]LogWindows:    6. 'RDP Reflector Display Driver' (P:0 D:0)
[2018.10.08-14.47.49:754][  0]LogWindows: DebugString: PrimaryIsNotTheChoosenAdapter PrimaryIsNotTheChoosenAdapter PrimaryIsNotTheChoosenAdapter GetVideoDriverDetailsInvalid PrimaryIsNotTheChoosenAdapter GetVideoDriverDetailsInvalid PrimaryIsNotTheChoosenAdapter GetVideoDriverDetailsInvalid PrimaryIsNotTheChoosenAdapter 
[2018.10.08-14.47.49:754][  0]LogD3D11RHI:     Adapter Name: NVIDIA GeForce 920M
[2018.10.08-14.47.49:754][  0]LogD3D11RHI:   Driver Version: 399.07 (internal:24.21.13.9907, unified:399.07)
[2018.10.08-14.47.49:754][  0]LogD3D11RHI:      Driver Date: 8-21-2018
[2018.10.08-14.47.49:754][  0]LogRHI: Texture pool is 1390 MB (70% of 1986 MB)
[2018.10.08-14.47.49:779][  0]LogD3D11RHI: [Aftermath] Enabled and primed
[2018.10.08-14.47.49:780][  0]LogD3D11RHI: Async texture creation enabled
[2018.10.08-14.47.49:799][  0]LogD3D11RHI: GPU Timing Frequency: 1000.000000 (Debug: 2 2)
[2018.10.08-14.47.49:800][  0]LogShaderCompilers: Guid format shader working directory is 22 characters bigger than the processId version (../../../../Ue4projects/GUKKI/Intermediate/Shaders/WorkingDirectory/3104/).
[2018.10.08-14.47.49:800][  0]LogShaderCompilers: Cleaned the shader compiler working directory 'D:/Users/Cosmossian/AppData/Local/Temp/UnrealShaderWorkingDir/5A6C527C49E9ADE495E11FA8810CCFC3/'.
[2018.10.08-14.47.50:529][  0]LogTemp: Display: Loaded TP AllDesktopTargetPlatform
[2018.10.08-14.47.50:553][  0]LogTemp: Display: Loaded TP MacClientTargetPlatform
[2018.10.08-14.47.50:578][  0]LogTemp: Display: Loaded TP MacNoEditorTargetPlatform
[2018.10.08-14.47.50:602][  0]LogTemp: Display: Loaded TP MacServerTargetPlatform
[2018.10.08-14.47.50:626][  0]LogTemp: Display: Loaded TP MacTargetPlatform
[2018.10.08-14.47.50:651][  0]LogTemp: Display: Loaded TP WindowsClientTargetPlatform
[2018.10.08-14.47.50:675][  0]LogTemp: Display: Loaded TP WindowsNoEditorTargetPlatform
[2018.10.08-14.47.50:700][  0]LogTemp: Display: Loaded TP WindowsServerTargetPlatform
[2018.10.08-14.47.50:710][  0]LogTemp: Display: Loaded TP WindowsTargetPlatform
[2018.10.08-14.47.50:859][  0]LogTemp: Display: Loaded TP AndroidTargetPlatform
[2018.10.08-14.47.50:859][  0]LogTemp: Display: Loaded TP AndroidTargetPlatform
[2018.10.08-14.47.50:859][  0]LogTemp: Display: Loaded TP AndroidTargetPlatform
[2018.10.08-14.47.50:859][  0]LogTemp: Display: Loaded TP AndroidTargetPlatform
[2018.10.08-14.47.50:859][  0]LogTemp: Display: Loaded TP AndroidTargetPlatform
[2018.10.08-14.47.50:859][  0]LogTemp: Display: Loaded TP AndroidTargetPlatform
[2018.10.08-14.47.50:859][  0]LogTemp: Display: Loaded TP AndroidTargetPlatform
[2018.10.08-14.47.50:859][  0]LogTemp: Display: Loaded TP AndroidTargetPlatform
[2018.10.08-14.47.50:859][  0]LogTemp: Display: Loaded TP AndroidTargetPlatform
[2018.10.08-14.47.50:859][  0]LogTemp: Display: Loaded TP AndroidTargetPlatform
[2018.10.08-14.47.50:859][  0]LogTemp: Display: Loaded TP AndroidTargetPlatform
[2018.10.08-14.47.50:859][  0]LogTemp: Display: Loaded TP AndroidTargetPlatform
[2018.10.08-14.47.50:859][  0]LogTemp: Display: Loaded TP AndroidTargetPlatform
[2018.10.08-14.47.50:859][  0]LogTemp: Display: Loaded TP AndroidTargetPlatform
[2018.10.08-14.47.50:859][  0]LogTemp: Display: Loaded TP AndroidTargetPlatform
[2018.10.08-14.47.50:859][  0]LogTemp: Display: Loaded TP AndroidTargetPlatform
[2018.10.08-14.47.50:859][  0]LogTemp: Display: Loaded TP AndroidTargetPlatform
[2018.10.08-14.47.50:859][  0]LogTemp: Display: Loaded TP AndroidTargetPlatform
[2018.10.08-14.47.50:860][  0]LogTemp: Display: Loaded TP HTML5TargetPlatform
[2018.10.08-14.47.50:938][  0]LogTemp: Display: Loaded TP IOSTargetPlatform
[2018.10.08-14.47.50:938][  0]LogTemp: Display: Loaded TP IOSTargetPlatform
[2018.10.08-14.47.50:988][  0]LogTemp: Display: Loaded TP TVOSTargetPlatform
[2018.10.08-14.47.50:988][  0]LogTemp: Display: Loaded TP TVOSTargetPlatform
[2018.10.08-14.47.51:011][  0]LogTemp: Display: Loaded TP LinuxClientTargetPlatform
[2018.10.08-14.47.51:034][  0]LogTemp: Display: Loaded TP LinuxNoEditorTargetPlatform
[2018.10.08-14.47.51:056][  0]LogTemp: Display: Loaded TP LinuxServerTargetPlatform
[2018.10.08-14.47.51:079][  0]LogTemp: Display: Loaded TP LinuxTargetPlatform
[2018.10.08-14.47.51:094][  0]LogTemp: Display: Loaded TP LuminTargetPlatform
[2018.10.08-14.47.51:094][  0]LogTargetPlatformManager: Display: Building Assets For Windows
[2018.10.08-14.47.51:167][  0]LogXGEController: Cleaning working directory: D:/Users/Cosmossian/AppData/Local/Temp/UnrealXGEWorkingDir/
[2018.10.08-14.47.51:167][  0]LogXGEController: Cannot use XGE Controller as Incredibuild is not installed on this machine.
[2018.10.08-14.47.51:167][  0]LogShaderCompilers: Cannot use XGE Shader Compiler as Incredibuild is not installed on this machine.
[2018.10.08-14.47.51:167][  0]LogShaderCompilers: Display: Using Local Shader Compiler.
[2018.10.08-14.47.52:419][  0]LogDerivedDataCache: Display: Max Cache Size: 512 MB
[2018.10.08-14.47.52:963][  0]LogDerivedDataCache: Loaded boot cache 0.54s 87MB D:/Users/Cosmossian/AppData/Local/UnrealEngine/4.20/DerivedDataCache/Boot.ddc.
[2018.10.08-14.47.52:963][  0]LogDerivedDataCache: Display: Loaded Boot cache: D:/Users/Cosmossian/AppData/Local/UnrealEngine/4.20/DerivedDataCache/Boot.ddc
[2018.10.08-14.47.52:963][  0]LogDerivedDataCache: FDerivedDataBackendGraph:  Pak pak cache file ../../../../Ue4projects/GUKKI/DerivedDataCache/DDC.ddp not found, will not use a pak cache.
[2018.10.08-14.47.52:963][  0]LogDerivedDataCache: Unable to find inner node Pak for hierarchical cache Hierarchy.
[2018.10.08-14.47.52:963][  0]LogDerivedDataCache: FDerivedDataBackendGraph:  CompressedPak pak cache file ../../../../Ue4projects/GUKKI/DerivedDataCache/Compressed.ddp not found, will not use a pak cache.
[2018.10.08-14.47.52:963][  0]LogDerivedDataCache: Unable to find inner node CompressedPak for hierarchical cache Hierarchy.
[2018.10.08-14.47.52:990][  0]LogDerivedDataCache: Display: Pak cache opened for reading ../../../Engine/DerivedDataCache/Compressed.ddp.
[2018.10.08-14.47.53:002][  0]LogDerivedDataCache: Using Local data cache path D:/Users/Cosmossian/AppData/Local/UnrealEngine/Common/DerivedDataCache: Writable
[2018.10.08-14.47.53:002][  0]LogDerivedDataCache: Shared data cache path not found in *engine.ini, will not use an Shared cache.
[2018.10.08-14.47.53:002][  0]LogDerivedDataCache: Unable to find inner node Shared for hierarchical cache Hierarchy.
[2018.10.08-14.47.53:034][  0]LogMaterial: Verifying Global Shaders for PCD3D_SM5
[2018.10.08-14.47.53:037][  0]LogSlate: Using FreeType 2.6.0
[2018.10.08-14.47.53:037][  0]LogSlate: SlateFontServices - WITH_FREETYPE: 1, WITH_HARFBUZZ: 1
[2018.10.08-14.47.53:138][  0]LogAssetRegistry: FAssetRegistry took 0.0277 seconds to start up
[2018.10.08-14.47.53:685][  0]LogInit: Selected Device Profile: [Windows]
[2018.10.08-14.47.54:019][  0]LogSimplygon: Simplygon DLL not present - disabling.
[2018.10.08-14.47.54:023][  0]LogMeshReduction: Using SimplygonSwarm for distributed automatic mesh merging
[2018.10.08-14.47.54:023][  0]LogMeshReduction: Using ProxyLODMeshReduction for automatic mesh merging
[2018.10.08-14.47.54:023][  0]LogMeshReduction: Using QuadricMeshReduction for automatic static mesh reduction
[2018.10.08-14.47.54:023][  0]LogMeshReduction: No automatic skeletal mesh reduction module available
[2018.10.08-14.47.54:055][  0]LogNetVersion: GUKKI 1.0.0, NetCL: 4212847, EngineNetVer: 5, GameNetVer: 0 (Checksum: 3387382618)
[2018.10.08-14.47.54:185][  0]LogObj: Error: LoadConfig (/Script/Engine.Default__RendererSettings): import failed for bEnableAlphaChannelInPostProcessing in: False
[2018.10.08-14.47.54:993][  0]LogPackageLocalizationCache: Processed 11 localized package path(s) for 2 prioritized culture(s) in 0.186044 seconds
[2018.10.08-14.47.55:003][  0]LogUObjectArray: 38425 objects as part of root set at end of initial load.
[2018.10.08-14.47.55:003][  0]LogUObjectAllocator: 6690872 out of 0 bytes used by permanent object pool.
[2018.10.08-14.47.55:003][  0]LogUObjectArray: CloseDisregardForGC: 0/0 objects in disregard for GC pool
[2018.10.08-14.48.01:915][  0]LogTcpMessaging: Initializing TcpMessaging bridge
[2018.10.08-14.48.01:928][  0]LogUdpMessaging: Initializing bridge on interface 0.0.0.0:0 to multicast group 230.0.0.1:6666.
[2018.10.08-14.48.02:197][  0]SourceControl: Source control is disabled
[2018.10.08-14.48.02:197][  0]SourceControl: Source control is disabled
[2018.10.08-14.48.02:200][  0]SourceControl: Source control is disabled
[2018.10.08-14.48.02:201][  0]SourceControl: Source control is disabled
[2018.10.08-14.48.02:513][  0]LogAndroidPermission: UAndroidPermissionCallbackProxy::GetInstance
[2018.10.08-14.48.02:604][  0]LogOcInput: OculusInput pre-init called
[2018.10.08-14.48.02:729][  0]LogEngine: Initializing Engine...
[2018.10.08-14.48.02:730][  0]LogHMD: Failed to initialize OpenVR with code 110
[2018.10.08-14.48.02:733][  0]LogStats: UGameplayTagsManager::ConstructGameplayTagTree: ImportINI prefixes -  0.000 s
[2018.10.08-14.48.02:733][  0]LogStats: UGameplayTagsManager::ConstructGameplayTagTree: Construct from data asset -  0.000 s
[2018.10.08-14.48.02:733][  0]LogStats: UGameplayTagsManager::ConstructGameplayTagTree: ImportINI -  0.000 s
[2018.10.08-14.48.02:733][  0]LogStats: UGameplayTagsManager::ConstructGameplayTagTree: GameplayTagTreeChangedEvent.Broadcast -  0.000 s
[2018.10.08-14.48.03:112][  0]LogInit: Initializing FReadOnlyCVARCache
[2018.10.08-14.48.03:130][  0]LogAIModule: Creating AISystem for world Untitled
[2018.10.08-14.48.03:163][  0]LogInit: XAudio2 using 'Динамики (Realtek High Definition Audio)' : 2 channels at 48 kHz using 32 bits per sample (channel mask 0x3)
[2018.10.08-14.48.03:176][  0]LogInit: FAudioDevice initialized.
[2018.10.08-14.48.03:176][  0]LogNetVersion: Set ProjectVersion to 1.0.0.0. Version Checksum will be recalculated on next use.
[2018.10.08-14.48.03:448][  0]LogDerivedDataCache: Saved boot cache 0.27s 87MB D:/Users/Cosmossian/AppData/Local/UnrealEngine/4.20/DerivedDataCache/Boot.ddc.
[2018.10.08-14.48.03:453][  0]LogInit: Texture streaming: Enabled
[2018.10.08-14.48.03:472][  0]LogEngineSessionManager: EngineSessionManager initialized
[2018.10.08-14.48.03:506][  0]LogInit: Transaction tracking system initialized
[2018.10.08-14.48.03:533][  0]BlueprintLog: New page: Editor Load
[2018.10.08-14.48.03:789][  0]LocalizationService: Localization service is disabled
[2018.10.08-14.48.04:479][  0]LogCook: Display: Max memory allowance for cook 16384mb min free memory 0mb
[2018.10.08-14.48.04:479][  0]LogCook: Display: Mobile HDR setting 1
[2018.10.08-14.48.04:479][  0]LogGameplayTags: Display: UGameplayTagsManager::DoneAddingNativeTags. DelegateIsBound: 0
[2018.10.08-14.48.04:479][  0]LogStats: UGameplayTagsManager::ConstructGameplayTagTree: ImportINI prefixes -  0.000 s
[2018.10.08-14.48.04:479][  0]LogStats: UGameplayTagsManager::ConstructGameplayTagTree: Construct from data asset -  0.000 s
[2018.10.08-14.48.04:479][  0]LogStats: UGameplayTagsManager::ConstructGameplayTagTree: ImportINI -  0.000 s
[2018.10.08-14.48.04:479][  0]LogStats: UGameplayTagsManager::ConstructGameplayTagTree: GameplayTagTreeChangedEvent.Broadcast -  0.000 s
[2018.10.08-14.48.04:515][  0]LogFileCache: Scanning file cache for directory 'C:/Ue4projects/GUKKI/Content/' took 0.03s
[2018.10.08-14.48.05:519][  0]SourceControl: Source control is disabled
[2018.10.08-14.48.05:519][  0]Cmd: MAP LOAD FILE="../../../../Ue4projects/GUKKI/Content/2DSideScrollerBP/Maps/2DSideScrollerExampleMap.umap" TEMPLATE=0 SHOWPROGRESS=1 FEATURELEVEL=3
[2018.10.08-14.48.05:520][  0]LogEditorServer: Warning: Can't find file '../../../../Ue4projects/GUKKI/Content/2DSideScrollerBP/Maps/2DSideScrollerExampleMap.umap'
[2018.10.08-14.48.05:520][  0]Cmd: MAP CHECKDEP NOCLEARLOG
[2018.10.08-14.48.05:570][  0]MapCheck: Map check complete: 0 Error(s), 0 Warning(s), took 49,84ms to complete.
[2018.10.08-14.48.05:570][  0]LogFileHelpers: Loading map '2DSideScrollerExampleMap' took 0.050
[2018.10.08-14.48.05:768][  0]LogSlate: Updating window title bar state: overlay mode, drag disabled, window buttons hidden, title bar hidden
[2018.10.08-14.48.05:781][  0]LogSlate: Updating window title bar state: overlay mode, drag disabled, window buttons hidden, title bar hidden
[2018.10.08-14.48.05:793][  0]LogSlate: Updating window title bar state: overlay mode, drag disabled, window buttons hidden, title bar hidden
[2018.10.08-14.48.05:806][  0]LogSlate: Updating window title bar state: overlay mode, drag disabled, window buttons hidden, title bar hidden
[2018.10.08-14.48.05:813][  0]LogCollectionManager: Loaded 0 collections in 0.001725 seconds
[2018.10.08-14.48.05:853][  0]LogFileCache: Scanning file cache for directory 'C:/Ue4projects/GUKKI/Saved/Collections/' took 0.01s
[2018.10.08-14.48.05:853][  0]LogFileCache: Scanning file cache for directory 'C:/Ue4projects/GUKKI/Content/Developers/Cosmossian/Collections/' took 0.01s
[2018.10.08-14.48.05:853][  0]LogFileCache: Scanning file cache for directory 'C:/Ue4projects/GUKKI/Content/Collections/' took 0.01s
[2018.10.08-14.48.05:853][  0]LogCollectionManager: Rebuilt the GUID cache for 0 collections in 0.000001 seconds
[2018.10.08-14.48.05:869][  0]LogContentBrowser: Native class hierarchy populated in 0.0151 seconds. Added 2572 classes and 603 folders.
[2018.10.08-14.48.05:877][  0]LogContentBrowser: Native class hierarchy updated for 'WidgetCarousel' in 0.0004 seconds. Added 0 classes and 0 folders.
[2018.10.08-14.48.07:777][  0]LogContentBrowser: Native class hierarchy updated for 'AddContentDialog' in 0.0004 seconds. Added 0 classes and 0 folders.
[2018.10.08-14.48.07:782][  0]LogContentBrowser: Native class hierarchy updated for 'SceneOutliner' in 0.0004 seconds. Added 1 classes and 2 folders.
[2018.10.08-14.48.09:625][  0]LogSlate: Only BGRA pngs, bmps or icos are supported in by External Image Picker
[2018.10.08-14.48.09:803][  0]LogSlate: Took 0.137289 seconds to synchronously load lazily loaded font '../../../Engine/Content/Slate/Fonts/Roboto-Regular.ttf' (155K)
[2018.10.08-14.48.09:943][  0]LogSlate: Took 0.138036 seconds to synchronously load lazily loaded font '../../../Engine/Content/Slate/Fonts/Roboto-Bold.ttf' (160K)
[2018.10.08-14.48.10:101][  0]LogSlate: Took 0.150918 seconds to synchronously load lazily loaded font '../../../Engine/Content/Editor/Slate/Fonts/FontAwesome.ttf' (139K)
[2018.10.08-14.48.10:256][  0]LogRenderer: Reallocating scene render targets to support 856x372 Format 10 NumSamples 1 (Frame:1).
[2018.10.08-14.48.10:549][  0]LogContentBrowser: Native class hierarchy updated for 'HierarchicalLODOutliner' in 0.0005 seconds. Added 0 classes and 0 folders.
[2018.10.08-14.48.10:549][  0]LogLoad: (Engine Initialization) Total time: 22.92 seconds
[2018.10.08-14.48.10:549][  0]LogLoad: (Engine Initialization) Total Blueprint compile time: 0.00 seconds
[2018.10.08-14.48.10:919][  0]LogTemp: Executing iPhonePackager certificates Engine -bundlename com.YourCompany.GUKKI
[2018.10.08-14.48.10:919][  0]LogTemp: CWD: C:\UE_4.20\Engine\Binaries\DotNET\IOS
[2018.10.08-14.48.10:919][  0]LogTemp: Initial Dir: C:\UE_4.20
[2018.10.08-14.48.10:919][  0]LogTemp: Env CWD: C:\UE_4.20\Engine\Binaries\DotNET\IOS
[2018.10.08-14.48.10:919][  0]LogTemp: BranchPath = DNOPC/C/UE_4.20/Engine/Binaries --- GameBranchPath = DNOPC/C/UE_4.20/Engine/Binaries
[2018.10.08-14.48.10:919][  0]LogTemp: IPP ERROR: Could not find provision directory 'D:\Users\Cosmossian\AppData\Local/Apple Computer/MobileDevice/Provisioning Profiles/'.
[2018.10.08-14.48.10:993][  0]LogContentStreaming: Texture pool size now 1000 MB
[2018.10.08-14.48.11:125][  1]LogSlate: FSceneViewport::OnFocusLost() reason 2
[2018.10.08-14.48.11:556][  2]LogSlate: Took 0.022250 seconds to synchronously load lazily loaded font '../../../Engine/Content/Slate/Fonts/Roboto-Light.ttf' (167K)
[2018.10.08-14.48.12:242][  3]LogAssetRegistry: Asset discovery search completed in 19.1247 seconds
[2018.10.08-14.48.12:245][  3]LogCollectionManager: Rebuilt the object cache for 0 collections in 0.000001 seconds (found 0 objects)
[2018.10.08-14.48.12:245][  3]LogCollectionManager: Fixed up redirectors for 0 collections in 0.000087 seconds (updated 0 objects)
[2018.10.08-14.49.37:606][581]LogWindowsTextInputMethodSystem: Display: IME system now deactivated.
[2018.10.08-14.49.43:753][581]LogSlate: Took 0.000280 seconds to synchronously load lazily loaded font '../../../Engine/Content/Slate/Fonts/Roboto-Light.ttf' (167K)
[2018.10.08-14.49.43:781][581]LogFactory: FactoryCreateFile: Texture with ReimportTextureFactory (0 0 ../../../../Ue4projects/Sprite/animmagxz (1).png)
[2018.10.08-14.49.43:792][581]LogTexture: Display: Building textures: animmagxz__1_ (BGRA8, 450X150)
[2018.10.08-14.49.48:105][798]LogSlate: Took 0.000254 seconds to synchronously load lazily loaded font '../../../Engine/Content/Slate/Fonts/Roboto-BoldCondensed.ttf' (158K)
[2018.10.08-14.49.50:125][891]LogSlate: Window 'Extract sprites' being destroyed
[2018.10.08-14.49.55:159][170]LogAssetEditorManager: Opening Asset editor for Texture2D /Game/spite_for_animation/animmagxz__1_.animmagxz__1_
[2018.10.08-14.49.55:165][170]LogContentBrowser: Native class hierarchy updated for 'TextureEditor' in 0.0004 seconds. Added 1 classes and 2 folders.
[2018.10.08-14.49.59:485][343]LogSlate: FSceneViewport::OnFocusLost() reason 0
[2018.10.08-14.50.01:308][424]LogSlate: Window 'animmagxz__1_*' being destroyed
[2018.10.08-14.50.01:325][424]LogSlate: Window 'animmagxz__1_*' being destroyed
[2018.10.08-14.53.11:521][ 94]LogSlate: Window 'Extract sprites' being destroyed
[2018.10.08-14.53.13:944][229]LogAssetEditorManager: Opening Asset editor for PaperSprite /Game/spite_for_animation/animmagxz__1__Sprite_0.animmagxz__1__Sprite_0
[2018.10.08-14.53.14:214][229]LogRenderer: Reallocating scene render targets to support 1084x608 Format 10 NumSamples 1 (Frame:1).
[2018.10.08-14.53.16:835][314]LogSlate: Window 'animmagxz__1__Sprite_0*' being destroyed
[2018.10.08-14.53.16:852][314]LogSlate: Window 'animmagxz__1__Sprite_0*' being destroyed
[2018.10.08-14.53.32:655][221]LogAssetEditorManager: Opening Asset editor for PaperFlipbook /Game/spite_for_animation/magnumfire.magnumfire
[2018.10.08-14.53.38:725][386]LogSlate: Window 'magnumfire*' being destroyed
[2018.10.08-14.53.38:737][386]LogSlate: Window 'magnumfire*' being destroyed
[2018.10.08-14.53.43:400][582]LogSlate: Window 'Delete Assets' being destroyed
[2018.10.08-14.54.09:195][965]LogSlate: Window 'Delete Assets' being destroyed
[2018.10.08-14.55.15:511][302]LogSlate: Prevented a slow task dialog from being summoned while a context menu was open
[2018.10.08-14.55.16:566][350]LogSlate: Window 'Extract sprites' being destroyed
[2018.10.08-14.55.21:424][561]LogSlate: Window 'Delete Assets' being destroyed
[2018.10.08-14.55.31:099][108]LogAssetEditorManager: Opening Asset editor for PaperFlipbook /Game/spite_for_animation/magnumfire.magnumfire
[2018.10.08-14.55.34:598][223]LogSlate: Window 'magnumfire*' being destroyed
[2018.10.08-14.55.34:609][223]LogSlate: Window 'magnumfire*' being destroyed
[2018.10.08-14.55.36:556][331]LogAssetEditorManager: Opening Asset editor for PaperFlipbook /Game/spite_for_animation/magnumfire.magnumfire
[2018.10.08-14.55.39:014][404]LogSlate: Window 'magnumfire*' being destroyed
[2018.10.08-14.55.39:027][404]LogSlate: Window 'magnumfire*' being destroyed
[2018.10.08-14.55.45:245][720]LogBlueprint: Error: [Compiler EnemyGun] Spawn node  SpawnActor NONE  must have a  Class  specified.
[2018.10.08-14.55.45:247][720]LogBlueprint: Error: [Compiler EnemyGun] In use pin  <Unnamed>  no longer exists on node  -1 . Please refresh node or break links to remove pin.
[2018.10.08-14.55.45:247][720]LogBlueprint: Error: [Compiler EnemyGun] In use pin  <Unnamed>  no longer exists on node  -1 . Please refresh node or break links to remove pin.
[2018.10.08-14.55.45:247][720]LogBlueprint: Error: [Compiler EnemyGun] In use pin  Target  no longer exists on node  -1 . Please refresh node or break links to remove pin.
[2018.10.08-14.55.45:247][720]LogBlueprint: Error: [Compiler EnemyGun] Could not find a function named "-1" in 'EnemyGun'.
Make sure 'EnemyGun' has been compiled for  -1
[2018.10.08-14.55.45:247][720]LogBlueprint: Error: [Compiler EnemyGun] In use pin  <Unnamed>  no longer exists on node  1 . Please refresh node or break links to remove pin.
[2018.10.08-14.55.45:247][720]LogBlueprint: Error: [Compiler EnemyGun] In use pin  <Unnamed>  no longer exists on node  1 . Please refresh node or break links to remove pin.
[2018.10.08-14.55.45:247][720]LogBlueprint: Error: [Compiler EnemyGun] In use pin  Target  no longer exists on node  1 . Please refresh node or break links to remove pin.
[2018.10.08-14.55.45:248][720]LogBlueprint: Error: [Compiler EnemyGun] Could not find a function named "1" in 'EnemyGun'.
Make sure 'EnemyGun' has been compiled for  1
[2018.10.08-14.55.45:248][720]LogBlueprint: Error: [Compiler EnemyGun] In use pin  Laser  no longer exists on node  Get . Please refresh node or break links to remove pin.
[2018.10.08-14.55.45:248][720]LogBlueprint: Warning: [Compiler EnemyGun] Input pin  Instigator  specifying non-default value no longer exists on node  SpawnActor NONE . Please refresh node or reset pin to default value to remove pin.
[2018.10.08-14.55.45:341][720]LogBlueprint: Warning: [Compiler EnemyGun] [0477,71] Compile of EnemyGun failed. 10 Fatal Issue(s) 1 Warning(s) [in 200 ms] (/Game/Blueprints/Enemy/EnemyGun.EnemyGun)
[2018.10.08-14.55.45:918][720]LogAIModule: Creating AISystem for world testlevel
[2018.10.08-14.55.45:964][720]LogAssetEditorManager: Opening Asset editor for World /Game/2DSideScrollerBP/Maps/testlevel.testlevel
[2018.10.08-14.55.47:654][720]LogSlate: Window 'Save Content' being destroyed
[2018.10.08-14.55.47:672][720]Cmd: OBJ SAVEPACKAGE PACKAGE="/Game/spite_for_animation/animmagxz__1_" FILE="../../../../Ue4projects/GUKKI/Content/spite_for_animation/animmagxz__1_.uasset" SILENT=true
[2018.10.08-14.55.47:681][720]LogSavePackage: Moving '../../../../Ue4projects/GUKKI/Saved/animmagxz__1_0EDDA32B42CAFD72AB4FDD8C821CF6C2.tmp' to '../../../../Ue4projects/GUKKI/Content/spite_for_animation/animmagxz__1_.uasset'
[2018.10.08-14.55.47:697][720]Cmd: OBJ SAVEPACKAGE PACKAGE="/Game/spite_for_animation/animmagxz__1__Sprite_0" FILE="../../../../Ue4projects/GUKKI/Content/spite_for_animation/animmagxz__1__Sprite_0.uasset" SILENT=true
[2018.10.08-14.55.47:769][720]LogSavePackage: Moving '../../../../Ue4projects/GUKKI/Saved/animmagxz__1__Sprite_09449CEC04B8A878E7F0D8B9B754DC5FC.tmp' to '../../../../Ue4projects/GUKKI/Content/spite_for_animation/animmagxz__1__Sprite_0.uasset'
[2018.10.08-14.55.47:787][720]Cmd: OBJ SAVEPACKAGE PACKAGE="/Game/spite_for_animation/animmagxz__1__Sprite_1" FILE="../../../../Ue4projects/GUKKI/Content/spite_for_animation/animmagxz__1__Sprite_1.uasset" SILENT=true
[2018.10.08-14.55.47:796][720]LogSavePackage: Moving '../../../../Ue4projects/GUKKI/Saved/animmagxz__1__Sprite_1DDC49EB54251C6CA7CC79DAABC87E2C6.tmp' to '../../../../Ue4projects/GUKKI/Content/spite_for_animation/animmagxz__1__Sprite_1.uasset'
[2018.10.08-14.55.47:814][720]Cmd: OBJ SAVEPACKAGE PACKAGE="/Game/spite_for_animation/animmagxz__1__Sprite_2" FILE="../../../../Ue4projects/GUKKI/Content/spite_for_animation/animmagxz__1__Sprite_2.uasset" SILENT=true
[2018.10.08-14.55.47:823][720]LogSavePackage: Moving '../../../../Ue4projects/GUKKI/Saved/animmagxz__1__Sprite_2FD7AC372487E7E24C2D9518CFBC99944.tmp' to '../../../../Ue4projects/GUKKI/Content/spite_for_animation/animmagxz__1__Sprite_2.uasset'
[2018.10.08-14.55.47:838][720]Cmd: OBJ SAVEPACKAGE PACKAGE="/Game/spite_for_animation/magnumfire" FILE="../../../../Ue4projects/GUKKI/Content/spite_for_animation/magnumfire.uasset" SILENT=true
[2018.10.08-14.55.47:845][720]LogSavePackage: Moving '../../../../Ue4projects/GUKKI/Saved/magnumfire8773D7F342C5766F9ED08A9F0F641F76.tmp' to '../../../../Ue4projects/GUKKI/Content/spite_for_animation/magnumfire.uasset'
[2018.10.08-14.55.47:848][720]Cmd: MAP LOAD FILE="../../../../Ue4projects/GUKKI/Content/2DSideScrollerBP/Maps/testlevel.umap" TEMPLATE=0 SHOWPROGRESS=1 FEATURELEVEL=3
[2018.10.08-14.55.47:848][720]LightingResults: New page: Lighting Build
[2018.10.08-14.55.47:852][720]LogContentBrowser: Native class hierarchy updated for 'StatsViewer' in 0.0004 seconds. Added 5 classes and 0 folders.
[2018.10.08-14.55.47:854][720]LoadErrors: New page: Loading map: testlevel.umap
[2018.10.08-14.55.47:854][720]MapCheck: New page: Map Check
[2018.10.08-14.55.47:854][720]LightingResults: New page: Lighting Build
[2018.10.08-14.55.47:935][720]LogEditorServer: Finished looking for orphan Actors (0.000 secs)
[2018.10.08-14.55.48:060][720]Cmd: MAP CHECKDEP NOCLEARLOG
[2018.10.08-14.55.48:150][720]MapCheck: Map check complete: 0 Error(s), 0 Warning(s), took 89,759ms to complete.
[2018.10.08-14.55.48:154][720]LogFileHelpers: Loading map 'testlevel' took 0.308
[2018.10.08-14.55.53:694][968]LogAssetEditorManager: Opening Asset editor for Blueprint /Game/2DSideScrollerBP/Blueprints/2DSideScrollerCharacter.2DSideScrollerCharacter
[2018.10.08-14.55.54:550][968]LogContentBrowser: Native class hierarchy updated for 'BlueprintGraph' in 0.0011 seconds. Added 116 classes and 0 folders.
[2018.10.08-14.55.56:910][969]LogSlate: Took 0.000212 seconds to synchronously load lazily loaded font '../../../Engine/Content/Slate/Fonts/Roboto-Italic.ttf' (157K)
[2018.10.08-14.56.23:106][956]BlueprintLog: New page: Compile 2DSideScrollerCharacter
[2018.10.08-14.56.51:638][148]LogWindowsTextInputMethodSystem: Display: IME system now deactivated.
[2018.10.08-14.56.52:647][195]LogWindowsTextInputMethodSystem: Display: IME system now deactivated.
[2018.10.08-14.56.54:245][266]Cmd: OBJ SAVEPACKAGE PACKAGE="/Game/spite_for_animation/idlemagnumfire" FILE="../../../../Ue4projects/GUKKI/Content/spite_for_animation/idlemagnumfire.uasset" SILENT=true
[2018.10.08-14.56.54:252][266]LogSavePackage: Moving '../../../../Ue4projects/GUKKI/Saved/idlemagnumfireD3BFAA2A4741E6ACB71740AC63C772E7.tmp' to '../../../../Ue4projects/GUKKI/Content/spite_for_animation/idlemagnumfire.uasset'
[2018.10.08-14.57.05:596][537]LogTemp: Repeating last play command: Selected Viewport
[2018.10.08-14.57.05:645][537]LogBlueprintUserMessages: Early PlayInEditor Detection: Level '/Game/2DSideScrollerBP/Maps/testlevel.testlevel:PersistentLevel' has LevelScriptBlueprint '/Game/2DSideScrollerBP/Maps/testlevel.testlevel:PersistentLevel.testlevel' with GeneratedClass '/Game/2DSideScrollerBP/Maps/testlevel.testlevel_C' with ClassGeneratedBy '/Game/2DSideScrollerBP/Maps/testlevel.testlevel:PersistentLevel.testlevel'
[2018.10.08-14.57.05:645][537]BlueprintLog: New page: Pre-Play auto-recompile
[2018.10.08-14.57.05:768][537]LogPlayLevel: [PlayLevel] Compiling 2DSideScrollerCharacter before play...
[2018.10.08-14.57.06:263][537]LogPlayLevel: PlayLevel: Blueprint regeneration took 618 ms (1 blueprints)
[2018.10.08-14.57.07:919][537]LogSlate: Window 'Message' being destroyed
[2018.10.08-14.57.07:934][537]PIE: New page: PIE session: testlevel (8 окт. 2018 г., 20:57:07)
[2018.10.08-14.57.07:935][537]LogPlayLevel: Creating play world package: /Game/2DSideScrollerBP/Maps/UEDPIE_0_testlevel
[2018.10.08-14.57.07:949][537]LogPlayLevel: PIE: StaticDuplicateObject took: (0.014018s)
[2018.10.08-14.57.07:950][537]LogAIModule: Creating AISystem for world testlevel
[2018.10.08-14.57.07:950][537]LogPlayLevel: PIE: World Init took: (0.001115s)
[2018.10.08-14.57.07:952][537]LogPlayLevel: PIE: Created PIE world by copying editor world from /Game/2DSideScrollerBP/Maps/testlevel.testlevel to /Game/2DSideScrollerBP/Maps/UEDPIE_0_testlevel.testlevel (0.016652s)
[2018.10.08-14.57.07:995][537]LogGarbage: Warning: GC detected illegal reference to PIE object from content [possibly via [todo]]:
[2018.10.08-14.57.07:995][537]LogGarbage: Warning:       PIE object: World /Game/2DSideScrollerBP/Maps/UEDPIE_0_testlevel.testlevel
[2018.10.08-14.57.07:995][537]LogGarbage: Warning:   NON-PIE object: UnrealEdEngine /Engine/Transient.UnrealEdEngine_0
[2018.10.08-14.57.08:020][537]LogInit: XAudio2 using 'Динамики (Realtek High Definition Audio)' : 2 channels at 48 kHz using 32 bits per sample (channel mask 0x3)
[2018.10.08-14.57.08:035][537]LogInit: FAudioDevice initialized.
[2018.10.08-14.57.08:149][537]LogLoad: Game class is '2DSideScrollerGameMode_C'
[2018.10.08-14.57.08:154][537]LogWorld: Bringing World /Game/2DSideScrollerBP/Maps/UEDPIE_0_testlevel.testlevel up for play (max tick rate 60) at 2018.10.08-17.57.08
[2018.10.08-14.57.08:155][537]LogWorld: Bringing up level for play took: 0.004443
[2018.10.08-14.57.08:167][537]LogLinker: Warning: Can't find file '/Game/NewTouchInterface'
[2018.10.08-14.57.08:167][537]LogLinker: Warning: Can't find file '/Game/NewTouchInterface'
[2018.10.08-14.57.08:167][537]LogUObjectGlobals: Warning: Failed to find object 'TouchInterface /Game/NewTouchInterface.NewTouchInterface'
[2018.10.08-14.57.08:174][537]LogContentBrowser: Native class hierarchy updated for 'MovieSceneCapture' in 0.0005 seconds. Added 10 classes and 0 folders.
[2018.10.08-14.57.08:178][537]PIE: Play in editor start time for /Game/2DSideScrollerBP/Maps/UEDPIE_0_testlevel 2,181
[2018.10.08-14.57.08:178][537]LogBlueprintUserMessages: Late PlayInEditor Detection: Level '/Game/2DSideScrollerBP/Maps/testlevel.testlevel:PersistentLevel' has LevelScriptBlueprint '/Game/2DSideScrollerBP/Maps/testlevel.testlevel:PersistentLevel.testlevel' with GeneratedClass '/Game/2DSideScrollerBP/Maps/testlevel.testlevel_C' with ClassGeneratedBy '/Game/2DSideScrollerBP/Maps/testlevel.testlevel:PersistentLevel.testlevel'
[2018.10.08-14.57.08:278][538]LogCharacterMovement: Warning: GetSimulationTimeStep() - Max iterations 8 hit while remaining time 0.094620 > MaxSimulationTimeStep (0.050) for '2DSideScrollerCharacter_C_0', movement 'Walking'
[2018.10.08-14.57.08:279][538]LogCharacterMovement: Warning: GetSimulationTimeStep() - Max iterations 8 hit while remaining time 0.075096 > MaxSimulationTimeStep (0.050) for 'TAGAIENEMY_178', movement 'Walking'
[2018.10.08-14.57.11:203][684]LogBlueprintUserMessages: [spline-_1328] ПРИЕХАЛИ
[2018.10.08-14.57.14:539][860]LogBlueprintUserMessages: [spline-_1328] ПРИЕХАЛИ
[2018.10.08-14.57.17:890][ 36]LogBlueprintUserMessages: [spline-_1328] ПРИЕХАЛИ
[2018.10.08-14.57.21:241][211]LogBlueprintUserMessages: [spline-_1328] ПРИЕХАЛИ
[2018.10.08-14.57.23:241][316]LogBlueprintUserMessages: [coin_818] 1
[2018.10.08-14.57.24:587][385]LogBlueprintUserMessages: [spline-_1328] ПРИЕХАЛИ
[2018.10.08-14.57.27:929][559]LogBlueprintUserMessages: [spline-_1328] ПРИЕХАЛИ
[2018.10.08-14.57.29:806][655]LogBlueprintUserMessages: [coin2] 2
[2018.10.08-14.57.29:947][662]LogBlueprintUserMessages: [coin3] 3
[2018.10.08-14.57.31:282][730]LogBlueprintUserMessages: [spline-_1328] ПРИЕХАЛИ
[2018.10.08-14.57.34:636][898]LogBlueprintUserMessages: [spline-_1328] ПРИЕХАЛИ
[2018.10.08-14.57.37:969][ 64]LogBlueprintUserMessages: [spline-_1328] ПРИЕХАЛИ
[2018.10.08-14.57.39:483][139]LogBlueprintUserMessages: [2DSideScrollerCharacter_C_0] you died
[2018.10.08-14.57.40:300][179]LogNet: Browse: /Game/2DSideScrollerBP/Maps/testlevel
[2018.10.08-14.57.40:316][179]LogLoad: LoadMap: /Game/2DSideScrollerBP/Maps/testlevel
[2018.10.08-14.57.40:387][179]LogPlayLevel: Creating play world package: /Game/2DSideScrollerBP/Maps/UEDPIE_0_testlevel
[2018.10.08-14.57.40:400][179]LogPlayLevel: PIE: StaticDuplicateObject took: (0.012591s)
[2018.10.08-14.57.40:401][179]LogAIModule: Creating AISystem for world testlevel
[2018.10.08-14.57.40:401][179]LogPlayLevel: PIE: World Init took: (0.000956s)
[2018.10.08-14.57.40:401][179]LogPlayLevel: PIE: Created PIE world by copying editor world from /Game/2DSideScrollerBP/Maps/testlevel.testlevel to /Game/2DSideScrollerBP/Maps/UEDPIE_0_testlevel.testlevel (0.013793s)
[2018.10.08-14.57.40:401][179]LogLoad: Game class is '2DSideScrollerGameMode_C'
[2018.10.08-14.57.40:405][179]LogWorld: Bringing World /Game/2DSideScrollerBP/Maps/UEDPIE_0_testlevel.testlevel up for play (max tick rate 60) at 2018.10.08-17.57.40
[2018.10.08-14.57.40:406][179]LogWorld: Bringing up level for play took: 0.004137
[2018.10.08-14.57.40:410][179]LogLoad: Took 0.094883 seconds to LoadMap(/Game/2DSideScrollerBP/Maps/UEDPIE_0_testlevel)
[2018.10.08-14.57.43:621][345]LogBlueprintUserMessages: [spline-_1328] ПРИЕХАЛИ
[2018.10.08-14.57.46:975][509]LogBlueprintUserMessages: [spline-_1328] ПРИЕХАЛИ
[2018.10.08-14.57.50:327][673]LogBlueprintUserMessages: [spline-_1328] ПРИЕХАЛИ
[2018.10.08-14.57.53:663][842]LogBlueprintUserMessages: [spline-_1328] ПРИЕХАЛИ
[2018.10.08-14.57.57:001][ 10]LogBlueprintUserMessages: [spline-_1328] ПРИЕХАЛИ
[2018.10.08-14.57.57:941][ 59]LogBlueprintUserMessages: [coin_818] 1
[2018.10.08-14.57.59:706][158]LogBlueprintUserMessages: [coin2] 2
[2018.10.08-14.58.00:341][193]LogBlueprintUserMessages: [spline-_1328] ПРИЕХАЛИ
[2018.10.08-14.58.00:529][203]LogBlueprintUserMessages: [coin3] 3
[2018.10.08-14.58.03:678][373]LogBlueprintUserMessages: [spline-_1328] ПРИЕХАЛИ
[2018.10.08-14.58.06:749][525]LogGarbage: Warning: GC detected illegal reference to PIE object from content [possibly via [todo]]:
[2018.10.08-14.58.06:750][525]LogGarbage: Warning:       PIE object: World /Game/2DSideScrollerBP/Maps/UEDPIE_0_testlevel.testlevel
[2018.10.08-14.58.06:750][525]LogGarbage: Warning:   NON-PIE object: UnrealEdEngine /Engine/Transient.UnrealEdEngine_0
[2018.10.08-14.58.06:766][525]LogGarbage: Warning: GC detected illegal reference to PIE object from content [possibly via [todo]]:
[2018.10.08-14.58.06:766][525]LogGarbage: Warning:       PIE object: PlayerController /Game/2DSideScrollerBP/Maps/UEDPIE_0_testlevel.testlevel:PersistentLevel.PlayerController_0
[2018.10.08-14.58.06:766][525]LogGarbage: Warning:   NON-PIE object: LocalPlayer /Engine/Transient.UnrealEdEngine_0:LocalPlayer_0
[2018.10.08-14.58.06:769][525]LogGarbage: Warning: GC detected illegal reference to PIE object from content [possibly via [todo]]:
[2018.10.08-14.58.06:769][525]LogGarbage: Warning:       PIE object: AIAsyncTaskBlueprintProxy /Game/2DSideScrollerBP/Maps/UEDPIE_0_testlevel.testlevel:AIAsyncTaskBlueprintProxy_23
[2018.10.08-14.58.06:769][525]LogGarbage: Warning:   NON-PIE object: Function /Game/Blueprints/Enemy/TAGAIENEMY.TAGAIENEMY_C:ExecuteUbergraph_TAGAIENEMY
[2018.10.08-14.58.06:769][525]LogGarbage: Warning: GC detected illegal reference to PIE object from content [possibly via [todo]]:
[2018.10.08-14.58.06:769][525]LogGarbage: Warning:       PIE object: AIAsyncTaskBlueprintProxy /Game/2DSideScrollerBP/Maps/UEDPIE_0_testlevel.testlevel:AIAsyncTaskBlueprintProxy_25
[2018.10.08-14.58.06:769][525]LogGarbage: Warning:   NON-PIE object: Function /Game/Blueprints/Enemy/TAGAIENEMY.TAGAIENEMY_C:ExecuteUbergraph_TAGAIENEMY
[2018.10.08-14.58.07:021][539]LogBlueprintUserMessages: [spline-_1328] ПРИЕХАЛИ
[2018.10.08-14.58.08:866][639]LogBlueprintUserMessages: Early EndPlayMap Detection: Level '/Game/2DSideScrollerBP/Maps/testlevel.testlevel:PersistentLevel' has LevelScriptBlueprint '/Game/2DSideScrollerBP/Maps/testlevel.testlevel:PersistentLevel.testlevel' with GeneratedClass '/Game/2DSideScrollerBP/Maps/testlevel.testlevel_C' with ClassGeneratedBy '/Game/2DSideScrollerBP/Maps/testlevel.testlevel:PersistentLevel.testlevel'
[2018.10.08-14.58.08:867][639]LogSlate: Updating window title bar state: overlay mode, drag disabled, window buttons hidden, title bar hidden
[2018.10.08-14.58.08:908][639]LogPlayLevel: Display: Shutting down PIE online subsystems
[2018.10.08-14.58.08:908][639]LogBlueprintUserMessages: Late EndPlayMap Detection: Level '/Game/2DSideScrollerBP/Maps/testlevel.testlevel:PersistentLevel' has LevelScriptBlueprint '/Game/2DSideScrollerBP/Maps/testlevel.testlevel:PersistentLevel.testlevel' with GeneratedClass '/Game/2DSideScrollerBP/Maps/testlevel.testlevel_C' with ClassGeneratedBy '/Game/2DSideScrollerBP/Maps/testlevel.testlevel:PersistentLevel.testlevel'
[2018.10.08-14.58.08:986][639]LogSlate: Updating window title bar state: overlay mode, drag disabled, window buttons hidden, title bar hidden
[2018.10.08-14.58.09:031][640]LogPlayLevel: Display: Destroying online subsystem :Context_7
[2018.10.08-14.59.58:735][991]LogSlate: FSceneViewport::OnFocusLost() reason 2
[2018.10.08-15.04.00:503][613]LogEditorViewport: Clicking Background
[2018.10.08-15.04.22:913][639]LogSlate: FSceneViewport::OnFocusLost() reason 0
[2018.10.08-15.04.23:017][643]LogTemp: Repeating last play command: Selected Viewport
[2018.10.08-15.04.23:069][643]LogBlueprintUserMessages: Early PlayInEditor Detection: Level '/Game/2DSideScrollerBP/Maps/testlevel.testlevel:PersistentLevel' has LevelScriptBlueprint '/Game/2DSideScrollerBP/Maps/testlevel.testlevel:PersistentLevel.testlevel' with GeneratedClass '/Game/2DSideScrollerBP/Maps/testlevel.testlevel_C' with ClassGeneratedBy '/Game/2DSideScrollerBP/Maps/testlevel.testlevel:PersistentLevel.testlevel'
[2018.10.08-15.04.23:069][643]LogPlayLevel: PlayLevel: No blueprints needed recompiling
[2018.10.08-15.04.23:069][643]PIE: New page: PIE session: testlevel (8 окт. 2018 г., 21:04:23)
[2018.10.08-15.04.23:070][643]LogPlayLevel: Creating play world package: /Game/2DSideScrollerBP/Maps/UEDPIE_0_testlevel
[2018.10.08-15.04.23:084][643]LogPlayLevel: PIE: StaticDuplicateObject took: (0.014021s)
[2018.10.08-15.04.23:085][643]LogAIModule: Creating AISystem for world testlevel
[2018.10.08-15.04.23:085][643]LogPlayLevel: PIE: World Init took: (0.001238s)
[2018.10.08-15.04.23:085][643]LogPlayLevel: PIE: Created PIE world by copying editor world from /Game/2DSideScrollerBP/Maps/testlevel.testlevel to /Game/2DSideScrollerBP/Maps/UEDPIE_0_testlevel.testlevel (0.015500s)
[2018.10.08-15.04.23:130][643]LogGarbage: Warning: GC detected illegal reference to PIE object from content [possibly via [todo]]:
[2018.10.08-15.04.23:131][643]LogGarbage: Warning:       PIE object: World /Game/2DSideScrollerBP/Maps/UEDPIE_0_testlevel.testlevel
[2018.10.08-15.04.23:131][643]LogGarbage: Warning:   NON-PIE object: UnrealEdEngine /Engine/Transient.UnrealEdEngine_0
[2018.10.08-15.04.23:155][643]LogInit: XAudio2 using 'Динамики (Realtek High Definition Audio)' : 2 channels at 48 kHz using 32 bits per sample (channel mask 0x3)
[2018.10.08-15.04.23:166][643]LogInit: FAudioDevice initialized.
[2018.10.08-15.04.23:200][643]LogLoad: Game class is '2DSideScrollerGameMode_C'
[2018.10.08-15.04.23:204][643]LogWorld: Bringing World /Game/2DSideScrollerBP/Maps/UEDPIE_0_testlevel.testlevel up for play (max tick rate 60) at 2018.10.08-18.04.23
[2018.10.08-15.04.23:205][643]LogWorld: Bringing up level for play took: 0.004237
[2018.10.08-15.04.23:221][643]PIE: Play in editor start time for /Game/2DSideScrollerBP/Maps/UEDPIE_0_testlevel -0,782
[2018.10.08-15.04.23:221][643]LogBlueprintUserMessages: Late PlayInEditor Detection: Level '/Game/2DSideScrollerBP/Maps/testlevel.testlevel:PersistentLevel' has LevelScriptBlueprint '/Game/2DSideScrollerBP/Maps/testlevel.testlevel:PersistentLevel.testlevel' with GeneratedClass '/Game/2DSideScrollerBP/Maps/testlevel.testlevel_C' with ClassGeneratedBy '/Game/2DSideScrollerBP/Maps/testlevel.testlevel:PersistentLevel.testlevel'
[2018.10.08-15.04.26:326][801]LogBlueprintUserMessages: [spline-_1328] ПРИЕХАЛИ
[2018.10.08-15.04.28:292][902]LogBlueprintUserMessages: [coin_818] 1
[2018.10.08-15.04.29:677][974]LogBlueprintUserMessages: [spline-_1328] ПРИЕХАЛИ
[2018.10.08-15.04.29:698][975]LogBlueprintUserMessages: [coin2] 2
[2018.10.08-15.04.33:027][150]LogBlueprintUserMessages: [spline-_1328] ПРИЕХАЛИ
[2018.10.08-15.04.36:375][321]LogBlueprintUserMessages: [spline-_1328] ПРИЕХАЛИ
[2018.10.08-15.04.39:725][487]LogBlueprintUserMessages: [spline-_1328] ПРИЕХАЛИ
[2018.10.08-15.04.43:080][670]LogBlueprintUserMessages: [spline-_1328] ПРИЕХАЛИ
[2018.10.08-15.04.44:869][769]LogBlueprintUserMessages: Early EndPlayMap Detection: Level '/Game/2DSideScrollerBP/Maps/testlevel.testlevel:PersistentLevel' has LevelScriptBlueprint '/Game/2DSideScrollerBP/Maps/testlevel.testlevel:PersistentLevel.testlevel' with GeneratedClass '/Game/2DSideScrollerBP/Maps/testlevel.testlevel_C' with ClassGeneratedBy '/Game/2DSideScrollerBP/Maps/testlevel.testlevel:PersistentLevel.testlevel'
[2018.10.08-15.04.44:870][769]LogSlate: Updating window title bar state: overlay mode, drag disabled, window buttons hidden, title bar hidden
[2018.10.08-15.04.44:916][769]LogPlayLevel: Display: Shutting down PIE online subsystems
[2018.10.08-15.04.44:917][769]LogBlueprintUserMessages: Late EndPlayMap Detection: Level '/Game/2DSideScrollerBP/Maps/testlevel.testlevel:PersistentLevel' has LevelScriptBlueprint '/Game/2DSideScrollerBP/Maps/testlevel.testlevel:PersistentLevel.testlevel' with GeneratedClass '/Game/2DSideScrollerBP/Maps/testlevel.testlevel_C' with ClassGeneratedBy '/Game/2DSideScrollerBP/Maps/testlevel.testlevel:PersistentLevel.testlevel'
[2018.10.08-15.04.44:982][769]LogSlate: Updating window title bar state: overlay mode, drag disabled, window buttons hidden, title bar hidden
[2018.10.08-15.04.45:005][770]LogPlayLevel: Display: Destroying online subsystem :Context_8
[2018.10.08-15.04.46:549][839]LogSlate: FSceneViewport::OnFocusLost() reason 0
[2018.10.08-15.07.09:953][271]LogFileHelpers: Editor autosave (incl. sublevels) for '/Game/2DSideScrollerBP/Maps/testlevel' took 0.085
[2018.10.08-15.07.09:956][271]OBJ SavePackage: Generating thumbnails for [0] asset(s) in package [/Game/2DSideScrollerBP/Blueprints/2DSideScrollerCharacter] ([1] browsable assets)...
[2018.10.08-15.07.09:956][271]OBJ SavePackage: Finished generating thumbnails for package [/Game/2DSideScrollerBP/Blueprints/2DSideScrollerCharacter]
[2018.10.08-15.07.10:288][271]LogSavePackage: Moving '../../../../Ue4projects/GUKKI/Saved/2DSideScrollerCharacter_Auto12EDA59EF4BB1FF17B8853393408C8756.tmp' to '../../../../Ue4projects/GUKKI/Saved/Autosaves/Game/2DSideScrollerBP/Blueprints/2DSideScrollerCharacter_Auto1.uasset'
[2018.10.08-15.07.10:290][271]LogFileHelpers: Auto-saving content packages took 0.335
[2018.10.08-15.07.35:856][927]Cmd: OBJ SAVEPACKAGE PACKAGE="/Game/2DSideScrollerBP/Blueprints/2DSideScrollerCharacter" FILE="../../../../Ue4projects/GUKKI/Content/2DSideScrollerBP/Blueprints/2DSideScrollerCharacter.uasset" SILENT=true
[2018.10.08-15.07.36:194][927]LogSavePackage: Moving '../../../../Ue4projects/GUKKI/Saved/2DSideScrollerCharacter8FBDF0C9491CBDC3488076AB220CF3B4.tmp' to '../../../../Ue4projects/GUKKI/Content/2DSideScrollerBP/Blueprints/2DSideScrollerCharacter.uasset'
[2018.10.08-15.08.27:748][ 73]LogSlate: Window '2DSideScrollerCharacter' being destroyed
[2018.10.08-15.08.27:888][ 73]LogSlate: Window 'Project Settings' being destroyed
[2018.10.08-15.08.27:930][ 73]LogSlate: Window 'GUKKI - Unreal Editor' being destroyed
[2018.10.08-15.08.28:224][ 74]Cmd: QUIT_EDITOR
[2018.10.08-15.08.29:272][ 74]LogExit: Preparing to exit.
[2018.10.08-15.08.30:384][ 74]LogExit: Editor shut down
[2018.10.08-15.08.30:385][ 74]LogExit: Transaction tracking system shut down
[2018.10.08-15.08.31:046][ 74]LogExit: Object subsystem successfully closed.
[2018.10.08-15.08.31:060][ 74]LogShaderCompilers: Display: Shaders left to compile 0
[2018.10.08-15.08.31:065][ 74]LogD3D11RHI: Shutdown
[2018.10.08-15.08.31:065][ 74]LogD3D11RHI: CleanupD3DDevice
[2018.10.08-15.08.31:067][ 74]LogD3D11RHI: ~FD3D11DynamicRHI
[2018.10.08-15.08.31:080][ 74]LogModuleManager: Shutting down and abandoning module MovieSceneCapture (620)
[2018.10.08-15.08.31:080][ 74]LogModuleManager: Shutting down and abandoning module Voice (618)
[2018.10.08-15.08.31:080][ 74]LogModuleManager: Shutting down and abandoning module BlueprintGraph (616)
[2018.10.08-15.08.31:080][ 74]LogModuleManager: Shutting down and abandoning module StatsViewer (614)
[2018.10.08-15.08.31:080][ 74]LogModuleManager: Shutting down and abandoning module TextureEditor (612)
[2018.10.08-15.08.31:080][ 74]LogModuleManager: Shutting down and abandoning module HierarchicalLODOutliner (610)
[2018.10.08-15.08.31:080][ 74]LogModuleManager: Shutting down and abandoning module ExternalImagePicker (608)
[2018.10.08-15.08.31:080][ 74]LogModuleManager: Shutting down and abandoning module SceneOutliner (606)
[2018.10.08-15.08.31:080][ 74]LogModuleManager: Shutting down and abandoning module AddContentDialog (604)
[2018.10.08-15.08.31:081][ 74]LogModuleManager: Shutting down and abandoning module WidgetCarousel (603)
[2018.10.08-15.08.31:081][ 74]LogModuleManager: Shutting down and abandoning module EditorWidgets (600)
[2018.10.08-15.08.31:081][ 74]LogModuleManager: Shutting down and abandoning module CollectionManager (598)
[2018.10.08-15.08.31:081][ 74]LogModuleManager: Shutting down and abandoning module FoliageEdit (596)
[2018.10.08-15.08.31:081][ 74]LogModuleManager: Shutting down and abandoning module LandscapeEditor (594)
[2018.10.08-15.08.31:081][ 74]LogModuleManager: Shutting down and abandoning module MeshPaintMode (592)
[2018.10.08-15.08.31:081][ 74]LogModuleManager: Shutting down and abandoning module SceneDepthPickerMode (590)
[2018.10.08-15.08.31:081][ 74]LogModuleManager: Shutting down and abandoning module ActorPickerMode (588)
[2018.10.08-15.08.31:081][ 74]LogModuleManager: Shutting down and abandoning module GeometryMode (586)
[2018.10.08-15.08.31:081][ 74]LogModuleManager: Shutting down and abandoning module TextureAlignMode (584)
[2018.10.08-15.08.31:081][ 74]LogModuleManager: Shutting down and abandoning module BspMode (582)
[2018.10.08-15.08.31:081][ 74]LogModuleManager: Shutting down and abandoning module PIEPreviewDeviceProfileSelector (580)
[2018.10.08-15.08.31:081][ 74]LogModuleManager: Shutting down and abandoning module SequenceRecorderSections (578)
[2018.10.08-15.08.31:082][ 74]LogModuleManager: Shutting down and abandoning module AutomationWorker (576)
[2018.10.08-15.08.31:082][ 74]LogModuleManager: Shutting down and abandoning module AudioCaptureEditor (574)
[2018.10.08-15.08.31:082][ 74]LogModuleManager: Shutting down and abandoning module SequenceRecorder (573)
[2018.10.08-15.08.31:082][ 74]LogModuleManager: Shutting down and abandoning module MatineeToLevelSequence (570)
[2018.10.08-15.08.31:082][ 74]LogModuleManager: Shutting down and abandoning module LevelSequenceEditor (568)
[2018.10.08-15.08.31:082][ 74]LogModuleManager: Shutting down and abandoning module PlacementMode (567)
[2018.10.08-15.08.31:082][ 74]LogModuleManager: Shutting down and abandoning module MaterialEditor (566)
[2018.10.08-15.08.31:082][ 74]LogModuleManager: Shutting down and abandoning module WmfMediaFactory (562)
[2018.10.08-15.08.31:082][ 74]LogModuleManager: Shutting down and abandoning module WmfMediaEditor (560)
[2018.10.08-15.08.31:082][ 74]LogModuleManager: Shutting down and abandoning module MediaPlayerEditor (558)
[2018.10.08-15.08.31:082][ 74]LogModuleManager: Shutting down and abandoning module OpenExrWrapper (556)
[2018.10.08-15.08.31:082][ 74]LogModuleManager: Shutting down and abandoning module ImgMediaFactory (554)
[2018.10.08-15.08.31:082][ 74]LogModuleManager: Shutting down and abandoning module ImgMediaEditor (552)
[2018.10.08-15.08.31:082][ 74]LogModuleManager: Shutting down and abandoning module AvfMediaFactory (550)
[2018.10.08-15.08.31:082][ 74]LogModuleManager: Shutting down and abandoning module AvfMediaEditor (548)
[2018.10.08-15.08.31:082][ 74]LogModuleManager: Shutting down and abandoning module AndroidMediaFactory (546)
[2018.10.08-15.08.31:082][ 74]LogModuleManager: Shutting down and abandoning module AndroidMediaEditor (544)
[2018.10.08-15.08.31:082][ 74]LogModuleManager: Shutting down and abandoning module MagicLeapCameraPreviewFactory (542)
[2018.10.08-15.08.31:082][ 74]LogModuleManager: Shutting down and abandoning module MagicLeapMediaFactory (540)
[2018.10.08-15.08.31:082][ 74]LogModuleManager: Shutting down and abandoning module MagicLeapMediaEditor (538)
[2018.10.08-15.08.31:082][ 74]LogModuleManager: Shutting down and abandoning module CharacterAI (536)
[2018.10.08-15.08.31:082][ 74]LogModuleManager: Shutting down and abandoning module SmartSnapping (534)
[2018.10.08-15.08.31:082][ 74]LogModuleManager: Shutting down and abandoning module SessionServices (532)
[2018.10.08-15.08.31:082][ 74]LogModuleManager: Shutting down and abandoning module ViewportSnapping (530)
[2018.10.08-15.08.31:083][ 74]LogModuleManager: Shutting down and abandoning module ViewportInteraction (528)
[2018.10.08-15.08.31:083][ 74]LogModuleManager: Shutting down and abandoning module ClothPainter (526)
[2018.10.08-15.08.31:083][ 74]LogModuleManager: Shutting down and abandoning module SkeletalMeshEditor (525)
[2018.10.08-15.08.31:083][ 74]LogModuleManager: Shutting down and abandoning module LogVisualizer (522)
[2018.10.08-15.08.31:084][ 74]LogModuleManager: Shutting down and abandoning module IntroTutorials (520)
[2018.10.08-15.08.31:084][ 74]LogModuleManager: Shutting down and abandoning module GameProjectGeneration (519)
[2018.10.08-15.08.31:084][ 74]LogModuleManager: Shutting down and abandoning module LuminPlatformEditor (516)
[2018.10.08-15.08.31:084][ 74]LogModuleManager: Shutting down and abandoning module IOSPlatformEditor (514)
[2018.10.08-15.08.31:084][ 74]LogModuleManager: Shutting down and abandoning module HTML5PlatformEditor (512)
[2018.10.08-15.08.31:084][ 74]LogModuleManager: Shutting down and abandoning module AndroidPlatformEditor (510)
[2018.10.08-15.08.31:084][ 74]LogModuleManager: Shutting down and abandoning module AndroidDeviceDetection (509)
[2018.10.08-15.08.32:157][ 74]LogModuleManager: Shutting down and abandoning module WindowsPlatformEditor (506)
[2018.10.08-15.08.32:157][ 74]LogModuleManager: Shutting down and abandoning module LuminRuntimeSettings (504)
[2018.10.08-15.08.32:157][ 74]LogModuleManager: Shutting down and abandoning module IOSRuntimeSettings (502)
[2018.10.08-15.08.32:157][ 74]LogModuleManager: Shutting down and abandoning module AndroidRuntimeSettings (500)
[2018.10.08-15.08.32:157][ 74]LogModuleManager: Shutting down and abandoning module InputBindingEditor (498)
[2018.10.08-15.08.32:157][ 74]LogModuleManager: Shutting down and abandoning module MergeActors (496)
[2018.10.08-15.08.32:157][ 74]LogModuleManager: Shutting down and abandoning module LocalizationDashboard (494)
[2018.10.08-15.08.32:158][ 74]LogModuleManager: Shutting down and abandoning module LocalizationService (493)
[2018.10.08-15.08.32:158][ 74]LogModuleManager: Shutting down and abandoning module HardwareTargeting (490)
[2018.10.08-15.08.32:158][ 74]LogModuleManager: Shutting down and abandoning module DeviceProfileEditor (488)
[2018.10.08-15.08.32:158][ 74]LogModuleManager: Shutting down and abandoning module UndoHistory (486)
[2018.10.08-15.08.32:158][ 74]LogModuleManager: Shutting down and abandoning module XmlParser (484)
[2018.10.08-15.08.32:158][ 74]LogModuleManager: Shutting down and abandoning module Blutility (482)
[2018.10.08-15.08.32:158][ 74]LogModuleManager: Shutting down and abandoning module ProjectSettingsViewer (480)
[2018.10.08-15.08.32:158][ 74]LogModuleManager: Shutting down and abandoning module ProjectTargetPlatformEditor (479)
[2018.10.08-15.08.32:158][ 74]LogModuleManager: Shutting down and abandoning module EditorSettingsViewer (476)
[2018.10.08-15.08.32:158][ 74]LogModuleManager: Shutting down and abandoning module SettingsEditor (474)
[2018.10.08-15.08.32:158][ 74]LogModuleManager: Shutting down and abandoning module ProjectLauncher (472)
[2018.10.08-15.08.32:158][ 74]LogModuleManager: Shutting down and abandoning module SessionFrontend (470)
[2018.10.08-15.08.32:158][ 74]LogModuleManager: Shutting down and abandoning module ProfilerClient (468)
[2018.10.08-15.08.32:158][ 74]LogModuleManager: Shutting down and abandoning module DeviceManager (466)
[2018.10.08-15.08.32:158][ 74]LogModuleManager: Shutting down and abandoning module TargetDeviceServices (465)
[2018.10.08-15.08.32:188][ 74]LogModuleManager: Shutting down and abandoning module AutomationController (462)
[2018.10.08-15.08.32:188][ 74]LogModuleManager: Shutting down and abandoning module AutomationWindow (460)
[2018.10.08-15.08.32:188][ 74]LogModuleManager: Shutting down and abandoning module Layers (458)
[2018.10.08-15.08.32:188][ 74]LogModuleManager: Shutting down and abandoning module ComponentVisualizers (456)
[2018.10.08-15.08.32:188][ 74]LogModuleManager: Shutting down and abandoning module DetailCustomizations (454)
[2018.10.08-15.08.32:188][ 74]LogModuleManager: Shutting down and abandoning module PackagesDialog (452)
[2018.10.08-15.08.32:188][ 74]LogModuleManager: Shutting down and abandoning module Persona (450)
[2018.10.08-15.08.32:188][ 74]LogModuleManager: Shutting down and abandoning module AdvancedPreviewScene (449)
[2018.10.08-15.08.32:188][ 74]LogModuleManager: Shutting down and abandoning module AnimGraph (447)
[2018.10.08-15.08.32:188][ 74]LogModuleManager: Shutting down and abandoning module Kismet (444)
[2018.10.08-15.08.32:196][ 74]LogModuleManager: Shutting down and abandoning module GraphEditor (442)
[2018.10.08-15.08.32:196][ 74]LogModuleManager: Shutting down and abandoning module ClassViewer (440)
[2018.10.08-15.08.32:196][ 74]LogModuleManager: Shutting down and abandoning module Toolbox (438)
[2018.10.08-15.08.32:196][ 74]LogModuleManager: Shutting down and abandoning module ModuleUI (436)
[2018.10.08-15.08.32:196][ 74]LogModuleManager: Shutting down and abandoning module MovieSceneTools (434)
[2018.10.08-15.08.32:196][ 74]LogModuleManager: Shutting down and abandoning module OutputLog (432)
[2018.10.08-15.08.32:197][ 74]LogModuleManager: Shutting down and abandoning module GammaUI (430)
[2018.10.08-15.08.32:197][ 74]LogModuleManager: Shutting down and abandoning module Documentation (428)
[2018.10.08-15.08.32:197][ 74]LogModuleManager: Shutting down and abandoning module MovieSceneTracks (426)
[2018.10.08-15.08.32:197][ 74]LogModuleManager: Shutting down and abandoning module MovieScene (424)
[2018.10.08-15.08.32:197][ 74]LogModuleManager: Shutting down and abandoning module StreamingPauseRendering (422)
[2018.10.08-15.08.32:197][ 74]LogModuleManager: Shutting down and abandoning module LauncherPlatform (420)
[2018.10.08-15.08.32:197][ 74]LogModuleManager: Shutting down and abandoning module AnalyticsET (418)
[2018.10.08-15.08.32:197][ 74]LogModuleManager: Shutting down and abandoning module PortalServices (416)
[2018.10.08-15.08.32:197][ 74]LogModuleManager: Shutting down and abandoning module PortalRpc (414)
[2018.10.08-15.08.32:197][ 74]LogModuleManager: Shutting down and abandoning module MessagingRpc (412)
[2018.10.08-15.08.32:197][ 74]LogModuleManager: Shutting down and abandoning module AIModule (410)
[2018.10.08-15.08.32:197][ 74]LogModuleManager: Shutting down and abandoning module GameplayDebugger (409)
[2018.10.08-15.08.32:197][ 74]LogModuleManager: Shutting down and abandoning module AITestSuite (407)
[2018.10.08-15.08.32:197][ 74]LogModuleManager: Shutting down and abandoning module NavigationSystem (405)
[2018.10.08-15.08.32:197][ 74]LogModuleManager: Shutting down and abandoning module DesktopPlatform (402)
[2018.10.08-15.08.32:197][ 74]LogModuleManager: Shutting down and abandoning module ProfilerService (400)
[2018.10.08-15.08.32:354][ 74]LogModuleManager: Shutting down and abandoning module TaskGraph (398)
[2018.10.08-15.08.32:354][ 74]LogModuleManager: Shutting down and abandoning module SteamVRController (396)
[2018.10.08-15.08.32:354][ 74]LogModuleManager: Shutting down and abandoning module ProceduralMeshComponentEditor (394)
[2018.10.08-15.08.32:354][ 74]LogModuleManager: Shutting down and abandoning module ProceduralMeshComponent (392)
[2018.10.08-15.08.32:354][ 74]LogModuleManager: Shutting down and abandoning module OculusInput (390)
[2018.10.08-15.08.32:354][ 74]LogModuleManager: Shutting down and abandoning module MobilePatchingUtils (388)
[2018.10.08-15.08.32:354][ 74]LogModuleManager: Shutting down and abandoning module EditableMesh (386)
[2018.10.08-15.08.32:355][ 74]LogModuleManager: Shutting down and abandoning module CustomMeshComponent (384)
[2018.10.08-15.08.32:355][ 74]LogModuleManager: Shutting down and abandoning module CableComponent (382)
[2018.10.08-15.08.32:355][ 74]LogModuleManager: Shutting down and abandoning module AudioCapture (380)
[2018.10.08-15.08.32:355][ 74]LogModuleManager: Shutting down and abandoning module ArchVisCharacter (378)
[2018.10.08-15.08.32:355][ 74]LogModuleManager: Shutting down and abandoning module AndroidPermission (376)
[2018.10.08-15.08.32:355][ 74]LogModuleManager: Shutting down and abandoning module NUTUnrealEngine4 (374)
[2018.10.08-15.08.32:355][ 74]LogModuleManager: Shutting down and abandoning module NetcodeUnitTest (372)
[2018.10.08-15.08.32:355][ 74]LogModuleManager: Shutting down and abandoning module MediaCompositingEditor (370)
[2018.10.08-15.08.32:355][ 74]LogModuleManager: Shutting down and abandoning module MediaCompositing (368)
[2018.10.08-15.08.32:355][ 74]LogModuleManager: Shutting down and abandoning module LinearTimecode (366)
[2018.10.08-15.08.32:355][ 74]LogModuleManager: Shutting down and abandoning module ImgMedia (364)
[2018.10.08-15.08.32:360][ 74]LogModuleManager: Shutting down and abandoning module HTML5Networking (362)
[2018.10.08-15.08.32:360][ 74]LogModuleManager: Shutting down and abandoning module GeometryCacheTracks (360)
[2018.10.08-15.08.32:360][ 74]LogModuleManager: Shutting down and abandoning module GeometryCacheSequencer (358)
[2018.10.08-15.08.32:360][ 74]LogModuleManager: Shutting down and abandoning module BackChannel (356)
[2018.10.08-15.08.32:360][ 74]LogModuleManager: Shutting down and abandoning module AppleVision (354)
[2018.10.08-15.08.32:360][ 74]LogModuleManager: Shutting down and abandoning module AppleImageUtils (352)
[2018.10.08-15.08.32:360][ 74]LogModuleManager: Shutting down and abandoning module AlembicImporter (350)
[2018.10.08-15.08.32:360][ 74]LogModuleManager: Shutting down and abandoning module AlembicLibrary (349)
[2018.10.08-15.08.32:360][ 74]LogModuleManager: Shutting down and abandoning module GeometryCache (348)
[2018.10.08-15.08.32:360][ 74]LogModuleManager: Shutting down and abandoning module GeometryCacheEd (347)
[2018.10.08-15.08.32:360][ 74]LogModuleManager: Shutting down and abandoning module DatasmithContentEditor (342)
[2018.10.08-15.08.32:360][ 74]LogModuleManager: Shutting down and abandoning module DatasmithContent (340)
[2018.10.08-15.08.32:361][ 74]LogModuleManager: Shutting down and abandoning module SpeedTreeImporter (338)
[2018.10.08-15.08.32:361][ 74]LogModuleManager: Shutting down and abandoning module PluginBrowser (336)
[2018.10.08-15.08.32:361][ 74]LogModuleManager: Shutting down and abandoning module MobileLauncherProfileWizard (334)
[2018.10.08-15.08.32:361][ 74]LogModuleManager: Shutting down and abandoning module PolygonModeling (332)
[2018.10.08-15.08.32:361][ 74]LogModuleManager: Shutting down and abandoning module MeshEditor (330)
[2018.10.08-15.08.32:361][ 74]LogModuleManager: Shutting down and abandoning module CryptoKeysOpenSSL (328)
[2018.10.08-15.08.32:361][ 74]LogModuleManager: Shutting down and abandoning module CryptoKeys (326)
[2018.10.08-15.08.32:361][ 74]LogModuleManager: Shutting down and abandoning module VisualStudioSourceCodeAccess (324)
[2018.10.08-15.08.32:361][ 74]LogModuleManager: Shutting down and abandoning module VisualStudioCodeSourceCodeAccess (322)
[2018.10.08-15.08.32:361][ 74]LogModuleManager: Shutting down and abandoning module UObjectPlugin (320)
[2018.10.08-15.08.32:361][ 74]LogModuleManager: Shutting down and abandoning module SubversionSourceControl (318)
[2018.10.08-15.08.32:361][ 74]LogModuleManager: Shutting down and abandoning module PerforceSourceControl (316)
[2018.10.08-15.08.32:361][ 74]LogModuleManager: Shutting down and abandoning module GitSourceControl (314)
[2018.10.08-15.08.32:361][ 74]LogModuleManager: Shutting down and abandoning module SourceControl (313)
[2018.10.08-15.08.32:361][ 74]LogModuleManager: Shutting down and abandoning module CLionSourceCodeAccess (310)
[2018.10.08-15.08.32:361][ 74]LogModuleManager: Shutting down and abandoning module LightPropagationVolumeEditor (308)
[2018.10.08-15.08.32:361][ 74]LogModuleManager: Shutting down and abandoning module PaperTiledImporter (306)
[2018.10.08-15.08.32:361][ 74]LogModuleManager: Shutting down and abandoning module PaperSpriteSheetImporter (304)
[2018.10.08-15.08.32:362][ 74]LogModuleManager: Shutting down and abandoning module Paper2DEditor (302)
[2018.10.08-15.08.32:362][ 74]LogModuleManager: Shutting down and abandoning module MeshPaint (301)
[2018.10.08-15.08.32:362][ 74]LogModuleManager: Shutting down and abandoning module RuntimePhysXCooking (298)
[2018.10.08-15.08.32:362][ 74]LogModuleManager: Shutting down and abandoning module PhysXVehiclesEditor (296)
[2018.10.08-15.08.32:362][ 74]LogModuleManager: Shutting down and abandoning module PhysXVehicles (294)
[2018.10.08-15.08.32:362][ 74]LogModuleManager: Shutting down and abandoning module OculusEditor (292)
[2018.10.08-15.08.32:362][ 74]LogModuleManager: Shutting down and abandoning module LocationServicesBPLibrary (290)
[2018.10.08-15.08.32:362][ 74]LogModuleManager: Shutting down and abandoning module ImmediatePhysicsEditor (288)
[2018.10.08-15.08.32:362][ 74]LogModuleManager: Shutting down and abandoning module ImmediatePhysics (286)
[2018.10.08-15.08.32:362][ 74]LogModuleManager: Shutting down and abandoning module ActorSequence (284)
[2018.10.08-15.08.32:362][ 74]LogModuleManager: Shutting down and abandoning module UdpMessaging (282)
[2018.10.08-15.08.32:462][ 74]LogModuleManager: Shutting down and abandoning module TcpMessaging (280)
[2018.10.08-15.08.32:562][ 74]LogModuleManager: Shutting down and abandoning module MagicLeapAudio (278)
[2018.10.08-15.08.32:562][ 74]LogModuleManager: Shutting down and abandoning module GameplayTagsEditor (276)
[2018.10.08-15.08.32:562][ 74]LogModuleManager: Shutting down and abandoning module FacialAnimationEditor (274)
[2018.10.08-15.08.32:562][ 74]LogModuleManager: Shutting down and abandoning module FacialAnimation (272)
[2018.10.08-15.08.32:562][ 74]LogModuleManager: Shutting down and abandoning module DataValidation (270)
[2018.10.08-15.08.32:562][ 74]LogModuleManager: Shutting down and abandoning module AssetManagerEditor (268)
[2018.10.08-15.08.32:562][ 74]LogModuleManager: Shutting down and abandoning module LevelEditor (267)
[2018.10.08-15.08.32:563][ 74]LogModuleManager: Shutting down and abandoning module PixelInspectorModule (266)
[2018.10.08-15.08.32:563][ 74]LogModuleManager: Shutting down and abandoning module CommonMenuExtensions (264)
[2018.10.08-15.08.32:564][ 74]LogModuleManager: Shutting down and abandoning module MainFrame (262)
[2018.10.08-15.08.32:564][ 74]LogModuleManager: Shutting down and abandoning module HotReload (261)
[2018.10.08-15.08.32:564][ 74]LogModuleManager: Shutting down and abandoning module ContentBrowser (257)
[2018.10.08-15.08.32:566][ 74]LogModuleManager: Shutting down and abandoning module TreeMap (255)
[2018.10.08-15.08.32:566][ 74]LogModuleManager: Shutting down and abandoning module LightPropagationVolumeRuntime (252)
[2018.10.08-15.08.32:566][ 74]LogModuleManager: Shutting down and abandoning module AISupportModule (250)
[2018.10.08-15.08.32:566][ 74]LogModuleManager: Shutting down and abandoning module Paper2D (248)
[2018.10.08-15.08.32:566][ 74]LogModuleManager: Shutting down and abandoning module WindowsMoviePlayer (246)
[2018.10.08-15.08.32:566][ 74]LogModuleManager: Shutting down and abandoning module WmfMedia (244)
[2018.10.08-15.08.32:567][ 74]LogModuleManager: Shutting down and abandoning module Media (243)
[2018.10.08-15.08.32:572][ 74]LogModuleManager: Shutting down and abandoning module PacketHandler (240)
[2018.10.08-15.08.32:572][ 74]LogModuleManager: Shutting down and abandoning module ClothingSystemEditor (238)
[2018.10.08-15.08.32:572][ 74]LogModuleManager: Shutting down and abandoning module ClothingSystemRuntime (236)
[2018.10.08-15.08.32:572][ 74]LogModuleManager: Shutting down and abandoning module MediaAssets (234)
[2018.10.08-15.08.32:572][ 74]LogModuleManager: Shutting down and abandoning module Overlay (232)
[2018.10.08-15.08.32:572][ 74]LogModuleManager: Shutting down and abandoning module OverlayEditor (231)
[2018.10.08-15.08.32:572][ 74]LogModuleManager: Shutting down and abandoning module VREditor (228)
[2018.10.08-15.08.32:573][ 74]LogModuleManager: Shutting down and abandoning module StringTableEditor (226)
[2018.10.08-15.08.32:573][ 74]LogModuleManager: Shutting down and abandoning module GameplayTasksEditor (224)
[2018.10.08-15.08.32:573][ 74]LogModuleManager: Shutting down and abandoning module BehaviorTreeEditor (222)
[2018.10.08-15.08.32:573][ 74]LogModuleManager: Shutting down and abandoning module FunctionalTesting (220)
[2018.10.08-15.08.32:573][ 74]LogModuleManager: Shutting down and abandoning module CollisionAnalyzer (218)
[2018.10.08-15.08.32:573][ 74]LogModuleManager: Shutting down and abandoning module WorkspaceMenuStructure (217)
[2018.10.08-15.08.32:573][ 74]LogModuleManager: Shutting down and abandoning module UMG (214)
[2018.10.08-15.08.32:573][ 74]LogModuleManager: Shutting down and abandoning module UMGEditor (213)
[2018.10.08-15.08.32:573][ 74]LogModuleManager: Shutting down and abandoning module Sequencer (212)
[2018.10.08-15.08.32:573][ 74]LogModuleManager: Shutting down and abandoning module MessageLog (209)
[2018.10.08-15.08.32:573][ 74]LogModuleManager: Shutting down and abandoning module SlateReflector (204)
[2018.10.08-15.08.32:573][ 74]LogModuleManager: Shutting down and abandoning module Slate (202)
[2018.10.08-15.08.32:573][ 74]LogModuleManager: Shutting down and abandoning module EditorStyle (200)
[2018.10.08-15.08.32:575][ 74]LogModuleManager: Shutting down and abandoning module MRMesh (198)
[2018.10.08-15.08.32:576][ 74]LogModuleManager: Shutting down and abandoning module SourceCodeAccess (196)
[2018.10.08-15.08.32:576][ 74]LogModuleManager: Shutting down and abandoning module HeadMountedDisplay (194)
[2018.10.08-15.08.32:576][ 74]LogModuleManager: Shutting down and abandoning module XAudio2 (192)
[2018.10.08-15.08.32:576][ 74]LogModuleManager: Shutting down and abandoning module Networking (190)
[2018.10.08-15.08.32:576][ 74]LogModuleManager: Shutting down and abandoning module Core (188)
[2018.10.08-15.08.32:576][ 74]LogModuleManager: Shutting down and abandoning module LevelSequence (186)
[2018.10.08-15.08.32:576][ 74]LogModuleManager: Shutting down and abandoning module KismetCompiler (184)
[2018.10.08-15.08.32:576][ 74]LogModuleManager: Shutting down and abandoning module MeshUtilities (182)
[2018.10.08-15.08.32:576][ 74]LogModuleManager: Shutting down and abandoning module MeshMergeUtilities (181)
[2018.10.08-15.08.32:576][ 74]LogModuleManager: Shutting down and abandoning module MeshReductionInterface (180)
[2018.10.08-15.08.32:576][ 74]LogModuleManager: Shutting down and abandoning module SimplygonSwarm (179)
[2018.10.08-15.08.32:576][ 74]LogModuleManager: Shutting down and abandoning module ProxyLODMeshReduction (177)
[2018.10.08-15.08.32:576][ 74]LogModuleManager: Shutting down and abandoning module SimplygonMeshReduction (175)
[2018.10.08-15.08.32:576][ 74]LogModuleManager: Shutting down and abandoning module QuadricMeshReduction (173)
[2018.10.08-15.08.32:576][ 74]LogModuleManager: Shutting down and abandoning module MaterialBaking (169)
[2018.10.08-15.08.32:576][ 74]LogModuleManager: Shutting down and abandoning module DirectoryWatcher (165)
[2018.10.08-15.08.32:576][ 74]LogModuleManager: Shutting down and abandoning module DerivedDataCache (162)
[2018.10.08-15.08.32:628][ 74]LogDerivedDataCache: Shutdown
[2018.10.08-15.08.32:628][ 74]LogModuleManager: Shutting down and abandoning module XGEController (160)
[2018.10.08-15.08.32:628][ 74]LogXGEController: Cleaning working directory: D:/Users/Cosmossian/AppData/Local/Temp/UnrealXGEWorkingDir/
[2018.10.08-15.08.32:628][ 74]LogModuleManager: Shutting down and abandoning module TargetPlatform (158)
[2018.10.08-15.08.32:628][ 74]LogModuleManager: Shutting down and abandoning module VulkanShaderFormat (157)
[2018.10.08-15.08.32:628][ 74]LogModuleManager: Shutting down and abandoning module ShaderFormatVectorVM (155)
[2018.10.08-15.08.32:628][ 74]LogModuleManager: Shutting down and abandoning module ShaderFormatOpenGL (153)
[2018.10.08-15.08.32:628][ 74]LogModuleManager: Shutting down and abandoning module ShaderFormatD3D (151)
[2018.10.08-15.08.32:628][ 74]LogModuleManager: Shutting down and abandoning module MetalShaderFormat (149)
[2018.10.08-15.08.32:628][ 74]LogModuleManager: Shutting down and abandoning module TextureFormatUncompressed (147)
[2018.10.08-15.08.32:628][ 74]LogModuleManager: Shutting down and abandoning module TextureFormatPVR (145)
[2018.10.08-15.08.32:628][ 74]LogModuleManager: Shutting down and abandoning module TextureFormatDXT (143)
[2018.10.08-15.08.32:628][ 74]LogModuleManager: Shutting down and abandoning module TextureFormatIntelISPCTexComp (141)
[2018.10.08-15.08.32:628][ 74]LogModuleManager: Shutting down and abandoning module TextureFormatASTC (139)
[2018.10.08-15.08.32:628][ 74]LogModuleManager: Shutting down and abandoning module ImageWrapper (138)
[2018.10.08-15.08.32:628][ 74]LogModuleManager: Shutting down and abandoning module TextureFormatAndroid (135)
[2018.10.08-15.08.32:628][ 74]LogModuleManager: Shutting down and abandoning module AudioFormatOpus (133)
[2018.10.08-15.08.32:628][ 74]LogModuleManager: Shutting down and abandoning module AudioFormatOgg (131)
[2018.10.08-15.08.32:628][ 74]LogModuleManager: Shutting down and abandoning module AudioFormatADPCM (129)
[2018.10.08-15.08.32:628][ 74]LogModuleManager: Shutting down and abandoning module LuminTargetPlatform (127)
[2018.10.08-15.08.32:629][ 74]LogModuleManager: Shutting down and abandoning module LinuxTargetPlatform (125)
[2018.10.08-15.08.32:629][ 74]LogModuleManager: Shutting down and abandoning module LinuxServerTargetPlatform (123)
[2018.10.08-15.08.32:629][ 74]LogModuleManager: Shutting down and abandoning module LinuxNoEditorTargetPlatform (121)
[2018.10.08-15.08.32:629][ 74]LogModuleManager: Shutting down and abandoning module LinuxClientTargetPlatform (119)
[2018.10.08-15.08.32:629][ 74]LogModuleManager: Shutting down and abandoning module TVOSTargetPlatform (117)
[2018.10.08-15.08.32:630][ 74]LogModuleManager: Shutting down and abandoning module Messaging (115)
[2018.10.08-15.08.32:630][ 74]LogModuleManager: Shutting down and abandoning module IOSTargetPlatform (113)
[2018.10.08-15.08.32:631][ 74]LogModuleManager: Shutting down and abandoning module HTML5TargetPlatform (111)
[2018.10.08-15.08.32:631][ 74]LogModuleManager: Shutting down and abandoning module AndroidTargetPlatform (109)
[2018.10.08-15.08.32:639][ 74]LogModuleManager: Shutting down and abandoning module WindowsTargetPlatform (107)
[2018.10.08-15.08.32:639][ 74]LogModuleManager: Shutting down and abandoning module WindowsServerTargetPlatform (105)
[2018.10.08-15.08.32:639][ 74]LogModuleManager: Shutting down and abandoning module WindowsNoEditorTargetPlatform (103)
[2018.10.08-15.08.32:639][ 74]LogModuleManager: Shutting down and abandoning module WindowsClientTargetPlatform (101)
[2018.10.08-15.08.32:639][ 74]LogModuleManager: Shutting down and abandoning module MacTargetPlatform (99)
[2018.10.08-15.08.32:639][ 74]LogModuleManager: Shutting down and abandoning module MacServerTargetPlatform (97)
[2018.10.08-15.08.32:640][ 74]LogModuleManager: Shutting down and abandoning module MacNoEditorTargetPlatform (95)
[2018.10.08-15.08.32:640][ 74]LogModuleManager: Shutting down and abandoning module MacClientTargetPlatform (93)
[2018.10.08-15.08.32:640][ 74]LogModuleManager: Shutting down and abandoning module AllDesktopTargetPlatform (91)
[2018.10.08-15.08.32:640][ 74]LogModuleManager: Shutting down and abandoning module InputCore (88)
[2018.10.08-15.08.32:640][ 74]LogModuleManager: Shutting down and abandoning module Settings (86)
[2018.10.08-15.08.32:640][ 74]LogModuleManager: Shutting down and abandoning module PhysXCooking (84)
[2018.10.08-15.08.32:640][ 74]LogModuleManager: Shutting down and abandoning module SteamVR (82)
[2018.10.08-15.08.32:640][ 74]LogModuleManager: Shutting down and abandoning module OculusHMD (80)
[2018.10.08-15.08.32:640][ 74]LogModuleManager: Shutting down and abandoning module ExampleDeviceProfileSelector (78)
[2018.10.08-15.08.32:640][ 74]LogModuleManager: Shutting down and abandoning module LauncherChunkInstaller (76)
[2018.10.08-15.08.32:640][ 74]LogModuleManager: Shutting down and abandoning module OnlineBlueprintSupport (74)
[2018.10.08-15.08.32:640][ 74]LogModuleManager: Shutting down and abandoning module OnlineSubsystem (70)
[2018.10.08-15.08.32:641][ 74]LogModuleManager: Shutting down and abandoning module XMPP (65)
[2018.10.08-15.08.32:641][ 74]LogModuleManager: Shutting down and abandoning module WebSockets (64)
[2018.10.08-15.08.32:675][ 74]LogModuleManager: Shutting down and abandoning module HTTP (61)
[2018.10.08-15.08.32:675][ 74]LogHttp: Display: Http module shutting down, but needs to wait on 1 outstanding Http requests:
[2018.10.08-15.08.32:675][ 74]LogHttp: Display: 	verb=[POST] url=[https://datarouter.ol.epicgames.com/datarouter/api/v1/public/data?SessionID=%7B532EAFBF-461E-41A7-678C-7AB22054DFAC%7D&AppID=UEEditor.Rocket.Release&AppVersion=4.20.3-4369336%2B%2B%2BUE4%2BRelease-4.20&UserID=7388e8964e2523bc0f49d0ac75bd21f4%7Ca140b6ef767b4832881e89c8beef2e50%7Cee93a0f7-6d79-44fa-a680-71d2374628ca&AppEnvironment=datacollector-binary&UploadType=eteventstream] status=Processing
[2018.10.08-15.08.32:701][ 74]LogModuleManager: Shutting down and abandoning module SSL (60)
[2018.10.08-15.08.32:703][ 74]LogModuleManager: Shutting down and abandoning module MagicLeapEmulator (56)
[2018.10.08-15.08.32:703][ 74]LogModuleManager: Shutting down and abandoning module MagicLeapPrivileges (54)
[2018.10.08-15.08.32:703][ 74]LogModuleManager: Shutting down and abandoning module MagicLeapIdentity (52)
[2018.10.08-15.08.32:703][ 74]LogModuleManager: Shutting down and abandoning module MagicLeapHelperVulkan (50)
[2018.10.08-15.08.32:703][ 74]LogModuleManager: Shutting down and abandoning module MagicLeapHelperOpenGL (48)
[2018.10.08-15.08.32:703][ 74]LogModuleManager: Shutting down and abandoning module MagicLeapSecureStorage (46)
[2018.10.08-15.08.32:703][ 74]LogModuleManager: Shutting down and abandoning module MagicLeapGestures (44)
[2018.10.08-15.08.32:703][ 74]LogModuleManager: Shutting down and abandoning module MagicLeapEyeTracker (42)
[2018.10.08-15.08.32:703][ 74]LogModuleManager: Shutting down and abandoning module MagicLeapController (40)
[2018.10.08-15.08.32:703][ 74]LogSlate: Slate User Destroyed.  User Index 0, Is Virtual User: 0
[2018.10.08-15.08.32:703][ 74]LogModuleManager: Shutting down and abandoning module MagicLeap (38)
[2018.10.08-15.08.32:703][ 74]LogModuleManager: Shutting down and abandoning module AnimationModifiers (36)
[2018.10.08-15.08.32:703][ 74]LogModuleManager: Shutting down and abandoning module PropertyEditor (35)
[2018.10.08-15.08.32:704][ 74]LogModuleManager: Shutting down and abandoning module AudioEditor (32)
[2018.10.08-15.08.32:704][ 74]LogModuleManager: Shutting down and abandoning module TextureCompressor (30)
[2018.10.08-15.08.32:704][ 74]LogModuleManager: Shutting down and abandoning module ShaderCore (28)
[2018.10.08-15.08.32:704][ 74]LogModuleManager: Shutting down and abandoning module Landscape (26)
[2018.10.08-15.08.32:704][ 74]LogModuleManager: Shutting down and abandoning module SlateRHIRenderer (24)
[2018.10.08-15.08.32:705][ 74]LogModuleManager: Shutting down and abandoning module OpenGLDrv (22)
[2018.10.08-15.08.32:705][ 74]LogModuleManager: Shutting down and abandoning module D3D11RHI (20)
[2018.10.08-15.08.32:705][ 74]LogModuleManager: Shutting down and abandoning module AnimGraphRuntime (18)
[2018.10.08-15.08.32:705][ 74]LogModuleManager: Shutting down and abandoning module Renderer (16)
[2018.10.08-15.08.32:705][ 74]LogModuleManager: Shutting down and abandoning module Engine (14)
[2018.10.08-15.08.32:705][ 74]LogModuleManager: Shutting down and abandoning module CoreUObject (12)
[2018.10.08-15.08.32:705][ 74]LogModuleManager: Shutting down and abandoning module NetworkFile (10)
[2018.10.08-15.08.32:705][ 74]LogModuleManager: Shutting down and abandoning module CookedIterativeFile (8)
[2018.10.08-15.08.32:705][ 74]LogModuleManager: Shutting down and abandoning module StreamingFile (6)
[2018.10.08-15.08.32:705][ 74]LogModuleManager: Shutting down and abandoning module SandboxFile (4)
[2018.10.08-15.08.32:705][ 74]LogModuleManager: Shutting down and abandoning module PakFile (2)
[2018.10.08-15.08.32:708][ 74]LogExit: Exiting.
[2018.10.08-15.08.32:755][ 74]Log file closed, 10/08/18 18:08:32
